{"C:\\front\\Яндекс Практикум\\Dev\\stellar-burger\\react-stellar-burger\\src\\index.tsx": {"path":"C:\\front\\Яндекс Практикум\\Dev\\stellar-burger\\react-stellar-burger\\src\\index.tsx","statementMap":{"0":{"start":{"line":12,"column":0},"end":{"line":20,"column":2}},"1":{"start":{"line":25,"column":0},"end":{"line":25,"column":18}}},"fnMap":{},"branchMap":{},"s":{"0":0,"1":0},"f":{},"b":{}}
,"C:\\front\\Яндекс Практикум\\Dev\\stellar-burger\\react-stellar-burger\\src\\reportWebVitals.ts": {"path":"C:\\front\\Яндекс Практикум\\Dev\\stellar-burger\\react-stellar-burger\\src\\reportWebVitals.ts","statementMap":{"0":{"start":{"line":3,"column":24},"end":{"line":13,"column":1}},"1":{"start":{"line":4,"column":2},"end":{"line":12,"column":3}},"2":{"start":{"line":5,"column":4},"end":{"line":11,"column":7}},"3":{"start":{"line":6,"column":6},"end":{"line":6,"column":26}},"4":{"start":{"line":7,"column":6},"end":{"line":7,"column":26}},"5":{"start":{"line":8,"column":6},"end":{"line":8,"column":26}},"6":{"start":{"line":9,"column":6},"end":{"line":9,"column":26}},"7":{"start":{"line":10,"column":6},"end":{"line":10,"column":27}}},"fnMap":{"0":{"name":"(anonymous_0)","decl":{"start":{"line":3,"column":24},"end":{"line":3,"column":25}},"loc":{"start":{"line":3,"column":57},"end":{"line":13,"column":1}},"line":3},"1":{"name":"(anonymous_1)","decl":{"start":{"line":5,"column":30},"end":{"line":5,"column":31}},"loc":{"start":{"line":5,"column":79},"end":{"line":11,"column":5}},"line":5}},"branchMap":{"0":{"loc":{"start":{"line":4,"column":2},"end":{"line":12,"column":3}},"type":"if","locations":[{"start":{"line":4,"column":2},"end":{"line":12,"column":3}},{"start":{},"end":{}}],"line":4},"1":{"loc":{"start":{"line":4,"column":6},"end":{"line":4,"column":52}},"type":"binary-expr","locations":[{"start":{"line":4,"column":6},"end":{"line":4,"column":17}},{"start":{"line":4,"column":21},"end":{"line":4,"column":52}}],"line":4}},"s":{"0":0,"1":0,"2":0,"3":0,"4":0,"5":0,"6":0,"7":0},"f":{"0":0,"1":0},"b":{"0":[0,0],"1":[0,0]}}
,"C:\\front\\Яндекс Практикум\\Dev\\stellar-burger\\react-stellar-burger\\src\\components\\app\\app.tsx": {"path":"C:\\front\\Яндекс Практикум\\Dev\\stellar-burger\\react-stellar-burger\\src\\components\\app\\app.tsx","statementMap":{"0":{"start":{"line":26,"column":12},"end":{"line":152,"column":1}},"1":{"start":{"line":27,"column":74},"end":{"line":27,"column":101}},"2":{"start":{"line":28,"column":54},"end":{"line":28,"column":78}},"3":{"start":{"line":29,"column":40},"end":{"line":29,"column":61}},"4":{"start":{"line":30,"column":40},"end":{"line":30,"column":72}},"5":{"start":{"line":32,"column":21},"end":{"line":32,"column":34}},"6":{"start":{"line":33,"column":63},"end":{"line":33,"column":76}},"7":{"start":{"line":34,"column":21},"end":{"line":34,"column":34}},"8":{"start":{"line":36,"column":20},"end":{"line":38,"column":18}},"9":{"start":{"line":37,"column":8},"end":{"line":37,"column":38}},"10":{"start":{"line":40,"column":23},"end":{"line":42,"column":18}},"11":{"start":{"line":41,"column":8},"end":{"line":41,"column":41}},"12":{"start":{"line":45,"column":31},"end":{"line":45,"column":65}},"13":{"start":{"line":47,"column":4},"end":{"line":51,"column":18}},"14":{"start":{"line":48,"column":8},"end":{"line":48,"column":40}},"15":{"start":{"line":49,"column":8},"end":{"line":49,"column":34}},"16":{"start":{"line":50,"column":8},"end":{"line":50,"column":30}},"17":{"start":{"line":53,"column":23},"end":{"line":58,"column":23}},"18":{"start":{"line":54,"column":8},"end":{"line":57,"column":10}},"19":{"start":{"line":55,"column":62},"end":{"line":55,"column":73}},"20":{"start":{"line":61,"column":4},"end":{"line":151,"column":6}},"21":{"start":{"line":136,"column":36},"end":{"line":136,"column":49}},"22":{"start":{"line":145,"column":47},"end":{"line":145,"column":60}}},"fnMap":{"0":{"name":"(anonymous_0)","decl":{"start":{"line":26,"column":12},"end":{"line":26,"column":13}},"loc":{"start":{"line":26,"column":18},"end":{"line":152,"column":1}},"line":26},"1":{"name":"(anonymous_1)","decl":{"start":{"line":36,"column":32},"end":{"line":36,"column":33}},"loc":{"start":{"line":36,"column":60},"end":{"line":38,"column":5}},"line":36},"2":{"name":"(anonymous_2)","decl":{"start":{"line":40,"column":35},"end":{"line":40,"column":36}},"loc":{"start":{"line":40,"column":66},"end":{"line":42,"column":5}},"line":40},"3":{"name":"(anonymous_3)","decl":{"start":{"line":47,"column":14},"end":{"line":47,"column":15}},"loc":{"start":{"line":47,"column":20},"end":{"line":51,"column":5}},"line":47},"4":{"name":"(anonymous_4)","decl":{"start":{"line":53,"column":31},"end":{"line":53,"column":32}},"loc":{"start":{"line":53,"column":37},"end":{"line":58,"column":5}},"line":53},"5":{"name":"(anonymous_5)","decl":{"start":{"line":55,"column":28},"end":{"line":55,"column":29}},"loc":{"start":{"line":55,"column":62},"end":{"line":55,"column":73}},"line":55},"6":{"name":"(anonymous_6)","decl":{"start":{"line":135,"column":41},"end":{"line":135,"column":42}},"loc":{"start":{"line":135,"column":47},"end":{"line":137,"column":33}},"line":135},"7":{"name":"(anonymous_7)","decl":{"start":{"line":145,"column":40},"end":{"line":145,"column":41}},"loc":{"start":{"line":145,"column":46},"end":{"line":145,"column":61}},"line":145}},"branchMap":{"0":{"loc":{"start":{"line":56,"column":13},"end":{"line":56,"column":45}},"type":"cond-expr","locations":[{"start":{"line":56,"column":28},"end":{"line":56,"column":41}},{"start":{"line":56,"column":44},"end":{"line":56,"column":45}}],"line":56},"1":{"loc":{"start":{"line":64,"column":30},"end":{"line":64,"column":60}},"type":"binary-expr","locations":[{"start":{"line":64,"column":30},"end":{"line":64,"column":48}},{"start":{"line":64,"column":52},"end":{"line":64,"column":60}}],"line":64},"2":{"loc":{"start":{"line":128,"column":13},"end":{"line":149,"column":13}},"type":"binary-expr","locations":[{"start":{"line":128,"column":13},"end":{"line":128,"column":31}},{"start":{"line":129,"column":16},"end":{"line":148,"column":25}}],"line":128}},"s":{"0":0,"1":0,"2":0,"3":0,"4":0,"5":0,"6":0,"7":0,"8":0,"9":0,"10":0,"11":0,"12":0,"13":0,"14":0,"15":0,"16":0,"17":0,"18":0,"19":0,"20":0,"21":0,"22":0},"f":{"0":0,"1":0,"2":0,"3":0,"4":0,"5":0,"6":0,"7":0},"b":{"0":[0,0],"1":[0,0],"2":[0,0]}}
,"C:\\front\\Яндекс Практикум\\Dev\\stellar-burger\\react-stellar-burger\\src\\components\\app\\index.ts": {"path":"C:\\front\\Яндекс Практикум\\Dev\\stellar-burger\\react-stellar-burger\\src\\components\\app\\index.ts","statementMap":{},"fnMap":{},"branchMap":{},"s":{},"f":{},"b":{}}
,"C:\\front\\Яндекс Практикум\\Dev\\stellar-burger\\react-stellar-burger\\src\\components\\app-header\\app-header.tsx": {"path":"C:\\front\\Яндекс Практикум\\Dev\\stellar-burger\\react-stellar-burger\\src\\components\\app-header\\app-header.tsx","statementMap":{"0":{"start":{"line":11,"column":18},"end":{"line":43,"column":1}},"1":{"start":{"line":12,"column":4},"end":{"line":42,"column":6}}},"fnMap":{"0":{"name":"(anonymous_0)","decl":{"start":{"line":11,"column":18},"end":{"line":11,"column":19}},"loc":{"start":{"line":11,"column":24},"end":{"line":43,"column":1}},"line":11}},"branchMap":{},"s":{"0":0,"1":0},"f":{"0":0},"b":{}}
,"C:\\front\\Яндекс Практикум\\Dev\\stellar-burger\\react-stellar-burger\\src\\components\\app-header\\index.ts": {"path":"C:\\front\\Яндекс Практикум\\Dev\\stellar-burger\\react-stellar-burger\\src\\components\\app-header\\index.ts","statementMap":{},"fnMap":{},"branchMap":{},"s":{},"f":{},"b":{}}
,"C:\\front\\Яндекс Практикум\\Dev\\stellar-burger\\react-stellar-burger\\src\\components\\burger-constructor\\burger-constructor.tsx": {"path":"C:\\front\\Яндекс Практикум\\Dev\\stellar-burger\\react-stellar-burger\\src\\components\\burger-constructor\\burger-constructor.tsx","statementMap":{"0":{"start":{"line":23,"column":26},"end":{"line":96,"column":1}},"1":{"start":{"line":32,"column":41},"end":{"line":43,"column":6}},"2":{"start":{"line":35,"column":12},"end":{"line":35,"column":25}},"3":{"start":{"line":38,"column":12},"end":{"line":41,"column":14}},"4":{"start":{"line":45,"column":22},"end":{"line":45,"column":46}},"5":{"start":{"line":46,"column":26},"end":{"line":46,"column":50}},"6":{"start":{"line":48,"column":4},"end":{"line":95,"column":6}}},"fnMap":{"0":{"name":"(anonymous_0)","decl":{"start":{"line":23,"column":26},"end":{"line":23,"column":27}},"loc":{"start":{"line":31,"column":57},"end":{"line":96,"column":1}},"line":31},"1":{"name":"(anonymous_1)","decl":{"start":{"line":34,"column":14},"end":{"line":34,"column":15}},"loc":{"start":{"line":34,"column":24},"end":{"line":36,"column":9}},"line":34},"2":{"name":"(anonymous_2)","decl":{"start":{"line":37,"column":17},"end":{"line":37,"column":18}},"loc":{"start":{"line":37,"column":30},"end":{"line":42,"column":9}},"line":37}},"branchMap":{"0":{"loc":{"start":{"line":52,"column":21},"end":{"line":52,"column":52}},"type":"binary-expr","locations":[{"start":{"line":52,"column":21},"end":{"line":52,"column":28}},{"start":{"line":52,"column":32},"end":{"line":52,"column":52}}],"line":52},"1":{"loc":{"start":{"line":53,"column":21},"end":{"line":53,"column":69}},"type":"binary-expr","locations":[{"start":{"line":53,"column":21},"end":{"line":53,"column":27}},{"start":{"line":53,"column":31},"end":{"line":53,"column":44}},{"start":{"line":53,"column":48},"end":{"line":53,"column":69}}],"line":53},"2":{"loc":{"start":{"line":54,"column":21},"end":{"line":54,"column":60}},"type":"binary-expr","locations":[{"start":{"line":54,"column":21},"end":{"line":54,"column":27}},{"start":{"line":54,"column":31},"end":{"line":54,"column":40}},{"start":{"line":54,"column":44},"end":{"line":54,"column":60}}],"line":54},"3":{"loc":{"start":{"line":61,"column":35},"end":{"line":63,"column":39}},"type":"cond-expr","locations":[{"start":{"line":62,"column":30},"end":{"line":62,"column":70}},{"start":{"line":63,"column":30},"end":{"line":63,"column":39}}],"line":61}},"s":{"0":0,"1":0,"2":0,"3":0,"4":0,"5":0,"6":0},"f":{"0":0,"1":0,"2":0},"b":{"0":[0,0],"1":[0,0,0],"2":[0,0,0],"3":[0,0]}}
,"C:\\front\\Яндекс Практикум\\Dev\\stellar-burger\\react-stellar-burger\\src\\components\\burger-constructor\\index.ts": {"path":"C:\\front\\Яндекс Практикум\\Dev\\stellar-burger\\react-stellar-burger\\src\\components\\burger-constructor\\index.ts","statementMap":{},"fnMap":{},"branchMap":{},"s":{},"f":{},"b":{}}
,"C:\\front\\Яндекс Практикум\\Dev\\stellar-burger\\react-stellar-burger\\src\\components\\burger-constructor\\burger-constructor-item\\burger-constructor-item.tsx": {"path":"C:\\front\\Яндекс Практикум\\Dev\\stellar-burger\\react-stellar-burger\\src\\components\\burger-constructor\\burger-constructor-item\\burger-constructor-item.tsx","statementMap":{"0":{"start":{"line":25,"column":30},"end":{"line":95,"column":1}},"1":{"start":{"line":30,"column":16},"end":{"line":30,"column":44}},"2":{"start":{"line":31,"column":21},"end":{"line":31,"column":34}},"3":{"start":{"line":33,"column":35},"end":{"line":39,"column":6}},"4":{"start":{"line":36,"column":31},"end":{"line":38,"column":9}},"5":{"start":{"line":41,"column":34},"end":{"line":75,"column":6}},"6":{"start":{"line":43,"column":31},"end":{"line":45,"column":9}},"7":{"start":{"line":47,"column":12},"end":{"line":49,"column":13}},"8":{"start":{"line":48,"column":16},"end":{"line":48,"column":23}},"9":{"start":{"line":50,"column":31},"end":{"line":50,"column":36}},"10":{"start":{"line":51,"column":30},"end":{"line":51,"column":47}},"11":{"start":{"line":53,"column":12},"end":{"line":55,"column":13}},"12":{"start":{"line":54,"column":16},"end":{"line":54,"column":23}},"13":{"start":{"line":57,"column":38},"end":{"line":57,"column":73}},"14":{"start":{"line":59,"column":16},"end":{"line":59,"column":70}},"15":{"start":{"line":60,"column":33},"end":{"line":60,"column":58}},"16":{"start":{"line":62,"column":33},"end":{"line":62,"column":71}},"17":{"start":{"line":64,"column":12},"end":{"line":66,"column":13}},"18":{"start":{"line":65,"column":16},"end":{"line":65,"column":23}},"19":{"start":{"line":67,"column":12},"end":{"line":69,"column":13}},"20":{"start":{"line":68,"column":16},"end":{"line":68,"column":23}},"21":{"start":{"line":71,"column":12},"end":{"line":71,"column":74}},"22":{"start":{"line":73,"column":12},"end":{"line":73,"column":43}},"23":{"start":{"line":76,"column":20},"end":{"line":76,"column":38}},"24":{"start":{"line":77,"column":4},"end":{"line":77,"column":20}},"25":{"start":{"line":79,"column":4},"end":{"line":94,"column":6}},"26":{"start":{"line":91,"column":35},"end":{"line":91,"column":63}}},"fnMap":{"0":{"name":"(anonymous_0)","decl":{"start":{"line":25,"column":30},"end":{"line":25,"column":31}},"loc":{"start":{"line":29,"column":65},"end":{"line":95,"column":1}},"line":29},"1":{"name":"(anonymous_1)","decl":{"start":{"line":36,"column":17},"end":{"line":36,"column":18}},"loc":{"start":{"line":36,"column":31},"end":{"line":38,"column":9}},"line":36},"2":{"name":"(anonymous_2)","decl":{"start":{"line":43,"column":17},"end":{"line":43,"column":18}},"loc":{"start":{"line":43,"column":31},"end":{"line":45,"column":9}},"line":43},"3":{"name":"(anonymous_3)","decl":{"start":{"line":46,"column":15},"end":{"line":46,"column":16}},"loc":{"start":{"line":46,"column":54},"end":{"line":74,"column":9}},"line":46},"4":{"name":"(anonymous_4)","decl":{"start":{"line":91,"column":29},"end":{"line":91,"column":30}},"loc":{"start":{"line":91,"column":35},"end":{"line":91,"column":63}},"line":91}},"branchMap":{"0":{"loc":{"start":{"line":47,"column":12},"end":{"line":49,"column":13}},"type":"if","locations":[{"start":{"line":47,"column":12},"end":{"line":49,"column":13}},{"start":{},"end":{}}],"line":47},"1":{"loc":{"start":{"line":53,"column":12},"end":{"line":55,"column":13}},"type":"if","locations":[{"start":{"line":53,"column":12},"end":{"line":55,"column":13}},{"start":{},"end":{}}],"line":53},"2":{"loc":{"start":{"line":64,"column":12},"end":{"line":66,"column":13}},"type":"if","locations":[{"start":{"line":64,"column":12},"end":{"line":66,"column":13}},{"start":{},"end":{}}],"line":64},"3":{"loc":{"start":{"line":64,"column":16},"end":{"line":64,"column":69}},"type":"binary-expr","locations":[{"start":{"line":64,"column":16},"end":{"line":64,"column":38}},{"start":{"line":64,"column":42},"end":{"line":64,"column":69}}],"line":64},"4":{"loc":{"start":{"line":67,"column":12},"end":{"line":69,"column":13}},"type":"if","locations":[{"start":{"line":67,"column":12},"end":{"line":69,"column":13}},{"start":{},"end":{}}],"line":67},"5":{"loc":{"start":{"line":67,"column":16},"end":{"line":67,"column":69}},"type":"binary-expr","locations":[{"start":{"line":67,"column":16},"end":{"line":67,"column":38}},{"start":{"line":67,"column":42},"end":{"line":67,"column":69}}],"line":67},"6":{"loc":{"start":{"line":76,"column":20},"end":{"line":76,"column":38}},"type":"cond-expr","locations":[{"start":{"line":76,"column":33},"end":{"line":76,"column":34}},{"start":{"line":76,"column":37},"end":{"line":76,"column":38}}],"line":76}},"s":{"0":0,"1":0,"2":0,"3":0,"4":0,"5":0,"6":0,"7":0,"8":0,"9":0,"10":0,"11":0,"12":0,"13":0,"14":0,"15":0,"16":0,"17":0,"18":0,"19":0,"20":0,"21":0,"22":0,"23":0,"24":0,"25":0,"26":0},"f":{"0":0,"1":0,"2":0,"3":0,"4":0},"b":{"0":[0,0],"1":[0,0],"2":[0,0],"3":[0,0],"4":[0,0],"5":[0,0],"6":[0,0]}}
,"C:\\front\\Яндекс Практикум\\Dev\\stellar-burger\\react-stellar-burger\\src\\components\\burger-constructor\\burger-constructor-item\\index.ts": {"path":"C:\\front\\Яндекс Практикум\\Dev\\stellar-burger\\react-stellar-burger\\src\\components\\burger-constructor\\burger-constructor-item\\index.ts","statementMap":{},"fnMap":{},"branchMap":{},"s":{},"f":{},"b":{}}
,"C:\\front\\Яндекс Практикум\\Dev\\stellar-burger\\react-stellar-burger\\src\\components\\burger-constructor\\constructor-items\\constructor-items.tsx": {"path":"C:\\front\\Яндекс Практикум\\Dev\\stellar-burger\\react-stellar-burger\\src\\components\\burger-constructor\\constructor-items\\constructor-items.tsx","statementMap":{"0":{"start":{"line":14,"column":25},"end":{"line":56,"column":1}},"1":{"start":{"line":20,"column":4},"end":{"line":55,"column":6}},"2":{"start":{"line":35,"column":20},"end":{"line":41,"column":22}}},"fnMap":{"0":{"name":"(anonymous_0)","decl":{"start":{"line":14,"column":25},"end":{"line":14,"column":26}},"loc":{"start":{"line":18,"column":55},"end":{"line":56,"column":1}},"line":18},"1":{"name":"(anonymous_1)","decl":{"start":{"line":34,"column":30},"end":{"line":34,"column":31}},"loc":{"start":{"line":35,"column":20},"end":{"line":41,"column":22}},"line":35}},"branchMap":{"0":{"loc":{"start":{"line":22,"column":13},"end":{"line":31,"column":13}},"type":"binary-expr","locations":[{"start":{"line":22,"column":13},"end":{"line":22,"column":16}},{"start":{"line":23,"column":16},"end":{"line":30,"column":18}}],"line":22},"1":{"loc":{"start":{"line":44,"column":13},"end":{"line":53,"column":13}},"type":"binary-expr","locations":[{"start":{"line":44,"column":13},"end":{"line":44,"column":16}},{"start":{"line":45,"column":16},"end":{"line":52,"column":18}}],"line":44}},"s":{"0":0,"1":0,"2":0},"f":{"0":0,"1":0},"b":{"0":[0,0],"1":[0,0]}}
,"C:\\front\\Яндекс Практикум\\Dev\\stellar-burger\\react-stellar-burger\\src\\components\\burger-constructor\\constructor-items\\index.ts": {"path":"C:\\front\\Яндекс Практикум\\Dev\\stellar-burger\\react-stellar-burger\\src\\components\\burger-constructor\\constructor-items\\index.ts","statementMap":{},"fnMap":{},"branchMap":{},"s":{},"f":{},"b":{}}
,"C:\\front\\Яндекс Практикум\\Dev\\stellar-burger\\react-stellar-burger\\src\\components\\burger-ingredients\\burger-ingredients.tsx": {"path":"C:\\front\\Яндекс Практикум\\Dev\\stellar-burger\\react-stellar-burger\\src\\components\\burger-ingredients\\burger-ingredients.tsx","statementMap":{"0":{"start":{"line":19,"column":26},"end":{"line":63,"column":1}},"1":{"start":{"line":28,"column":4},"end":{"line":62,"column":6}}},"fnMap":{"0":{"name":"(anonymous_0)","decl":{"start":{"line":19,"column":26},"end":{"line":19,"column":27}},"loc":{"start":{"line":27,"column":57},"end":{"line":63,"column":1}},"line":27}},"branchMap":{"0":{"loc":{"start":{"line":30,"column":13},"end":{"line":60,"column":13}},"type":"cond-expr","locations":[{"start":{"line":31,"column":16},"end":{"line":31,"column":26}},{"start":{"line":33,"column":16},"end":{"line":59,"column":19}}],"line":30}},"s":{"0":0,"1":0},"f":{"0":0},"b":{"0":[0,0]}}
,"C:\\front\\Яндекс Практикум\\Dev\\stellar-burger\\react-stellar-burger\\src\\components\\burger-ingredients\\index.ts": {"path":"C:\\front\\Яндекс Практикум\\Dev\\stellar-burger\\react-stellar-burger\\src\\components\\burger-ingredients\\index.ts","statementMap":{},"fnMap":{},"branchMap":{},"s":{},"f":{},"b":{}}
,"C:\\front\\Яндекс Практикум\\Dev\\stellar-burger\\react-stellar-burger\\src\\components\\burger-ingredients-category\\burger-ingredients-category.tsx": {"path":"C:\\front\\Яндекс Практикум\\Dev\\stellar-burger\\react-stellar-burger\\src\\components\\burger-ingredients-category\\burger-ingredients-category.tsx","statementMap":{"0":{"start":{"line":13,"column":34},"end":{"line":25,"column":1}},"1":{"start":{"line":14,"column":4},"end":{"line":24,"column":6}},"2":{"start":{"line":20,"column":24},"end":{"line":20,"column":88}}},"fnMap":{"0":{"name":"(anonymous_0)","decl":{"start":{"line":13,"column":34},"end":{"line":13,"column":35}},"loc":{"start":{"line":13,"column":92},"end":{"line":25,"column":1}},"line":13},"1":{"name":"(anonymous_1)","decl":{"start":{"line":19,"column":36},"end":{"line":19,"column":37}},"loc":{"start":{"line":20,"column":24},"end":{"line":20,"column":88}},"line":20}},"branchMap":{"0":{"loc":{"start":{"line":18,"column":17},"end":{"line":21,"column":22}},"type":"binary-expr","locations":[{"start":{"line":18,"column":17},"end":{"line":18,"column":28}},{"start":{"line":19,"column":20},"end":{"line":21,"column":22}}],"line":18}},"s":{"0":0,"1":0,"2":0},"f":{"0":0,"1":0},"b":{"0":[0,0]}}
,"C:\\front\\Яндекс Практикум\\Dev\\stellar-burger\\react-stellar-burger\\src\\components\\burger-ingredients-category\\index.ts": {"path":"C:\\front\\Яндекс Практикум\\Dev\\stellar-burger\\react-stellar-burger\\src\\components\\burger-ingredients-category\\index.ts","statementMap":{},"fnMap":{},"branchMap":{},"s":{},"f":{},"b":{}}
,"C:\\front\\Яндекс Практикум\\Dev\\stellar-burger\\react-stellar-burger\\src\\components\\burger-ingredients-category\\burger-ingredient\\burger-ingredient.tsx": {"path":"C:\\front\\Яндекс Практикум\\Dev\\stellar-burger\\react-stellar-burger\\src\\components\\burger-ingredients-category\\burger-ingredient\\burger-ingredient.tsx","statementMap":{"0":{"start":{"line":17,"column":25},"end":{"line":58,"column":1}},"1":{"start":{"line":18,"column":21},"end":{"line":18,"column":34}},"2":{"start":{"line":19,"column":45},"end":{"line":19,"column":55}},"3":{"start":{"line":20,"column":16},"end":{"line":20,"column":44}},"4":{"start":{"line":21,"column":35},"end":{"line":25,"column":6}},"5":{"start":{"line":24,"column":31},"end":{"line":24,"column":66}},"6":{"start":{"line":26,"column":4},"end":{"line":26,"column":14}},"7":{"start":{"line":28,"column":4},"end":{"line":57,"column":6}}},"fnMap":{"0":{"name":"(anonymous_0)","decl":{"start":{"line":17,"column":25},"end":{"line":17,"column":26}},"loc":{"start":{"line":17,"column":66},"end":{"line":58,"column":1}},"line":17},"1":{"name":"(anonymous_1)","decl":{"start":{"line":24,"column":17},"end":{"line":24,"column":18}},"loc":{"start":{"line":24,"column":31},"end":{"line":24,"column":66}},"line":24}},"branchMap":{"0":{"loc":{"start":{"line":34,"column":13},"end":{"line":34,"column":83}},"type":"binary-expr","locations":[{"start":{"line":34,"column":13},"end":{"line":34,"column":22}},{"start":{"line":34,"column":26},"end":{"line":34,"column":83}}],"line":34}},"s":{"0":0,"1":0,"2":0,"3":0,"4":0,"5":0,"6":0,"7":0},"f":{"0":0,"1":0},"b":{"0":[0,0]}}
,"C:\\front\\Яндекс Практикум\\Dev\\stellar-burger\\react-stellar-burger\\src\\components\\burger-ingredients-category\\burger-ingredient\\index.ts": {"path":"C:\\front\\Яндекс Практикум\\Dev\\stellar-burger\\react-stellar-burger\\src\\components\\burger-ingredients-category\\burger-ingredient\\index.ts","statementMap":{},"fnMap":{},"branchMap":{},"s":{},"f":{},"b":{}}
,"C:\\front\\Яндекс Практикум\\Dev\\stellar-burger\\react-stellar-burger\\src\\components\\burger-ingredients-tabs\\burger-ingredients-tabs.tsx": {"path":"C:\\front\\Яндекс Практикум\\Dev\\stellar-burger\\react-stellar-burger\\src\\components\\burger-ingredients-tabs\\burger-ingredients-tabs.tsx","statementMap":{"0":{"start":{"line":13,"column":30},"end":{"line":32,"column":1}},"1":{"start":{"line":18,"column":4},"end":{"line":31,"column":6}},"2":{"start":{"line":21,"column":16},"end":{"line":28,"column":22}},"3":{"start":{"line":24,"column":35},"end":{"line":24,"column":54}}},"fnMap":{"0":{"name":"(anonymous_0)","decl":{"start":{"line":13,"column":30},"end":{"line":13,"column":31}},"loc":{"start":{"line":17,"column":65},"end":{"line":32,"column":1}},"line":17},"1":{"name":"(anonymous_1)","decl":{"start":{"line":20,"column":35},"end":{"line":20,"column":36}},"loc":{"start":{"line":21,"column":16},"end":{"line":28,"column":22}},"line":21},"2":{"name":"(anonymous_2)","decl":{"start":{"line":24,"column":29},"end":{"line":24,"column":30}},"loc":{"start":{"line":24,"column":35},"end":{"line":24,"column":54}},"line":24}},"branchMap":{},"s":{"0":0,"1":0,"2":0,"3":0},"f":{"0":0,"1":0,"2":0},"b":{}}
,"C:\\front\\Яндекс Практикум\\Dev\\stellar-burger\\react-stellar-burger\\src\\components\\burger-ingredients-tabs\\index.ts": {"path":"C:\\front\\Яндекс Практикум\\Dev\\stellar-burger\\react-stellar-burger\\src\\components\\burger-ingredients-tabs\\index.ts","statementMap":{},"fnMap":{},"branchMap":{},"s":{},"f":{},"b":{}}
,"C:\\front\\Яндекс Практикум\\Dev\\stellar-burger\\react-stellar-burger\\src\\components\\ingredient-details\\index.ts": {"path":"C:\\front\\Яндекс Практикум\\Dev\\stellar-burger\\react-stellar-burger\\src\\components\\ingredient-details\\index.ts","statementMap":{},"fnMap":{},"branchMap":{},"s":{},"f":{},"b":{}}
,"C:\\front\\Яндекс Практикум\\Dev\\stellar-burger\\react-stellar-burger\\src\\components\\ingredient-details\\ingredient-details.tsx": {"path":"C:\\front\\Яндекс Практикум\\Dev\\stellar-burger\\react-stellar-burger\\src\\components\\ingredient-details\\ingredient-details.tsx","statementMap":{"0":{"start":{"line":8,"column":24},"end":{"line":65,"column":1}},"1":{"start":{"line":9,"column":17},"end":{"line":9,"column":28}},"2":{"start":{"line":10,"column":28},"end":{"line":10,"column":55}},"3":{"start":{"line":11,"column":22},"end":{"line":11,"column":89}},"4":{"start":{"line":11,"column":76},"end":{"line":11,"column":88}},"5":{"start":{"line":12,"column":4},"end":{"line":12,"column":33}},"6":{"start":{"line":12,"column":20},"end":{"line":12,"column":33}},"7":{"start":{"line":14,"column":8},"end":{"line":14,"column":17}},"8":{"start":{"line":15,"column":4},"end":{"line":64,"column":6}}},"fnMap":{"0":{"name":"(anonymous_0)","decl":{"start":{"line":8,"column":24},"end":{"line":8,"column":25}},"loc":{"start":{"line":8,"column":30},"end":{"line":65,"column":1}},"line":8},"1":{"name":"(anonymous_1)","decl":{"start":{"line":11,"column":39},"end":{"line":11,"column":40}},"loc":{"start":{"line":11,"column":76},"end":{"line":11,"column":88}},"line":11}},"branchMap":{"0":{"loc":{"start":{"line":12,"column":4},"end":{"line":12,"column":33}},"type":"if","locations":[{"start":{"line":12,"column":4},"end":{"line":12,"column":33}},{"start":{},"end":{}}],"line":12}},"s":{"0":0,"1":0,"2":0,"3":0,"4":0,"5":0,"6":0,"7":0,"8":0},"f":{"0":0,"1":0},"b":{"0":[0,0]}}
,"C:\\front\\Яндекс Практикум\\Dev\\stellar-burger\\react-stellar-burger\\src\\components\\layout\\index.ts": {"path":"C:\\front\\Яндекс Практикум\\Dev\\stellar-burger\\react-stellar-burger\\src\\components\\layout\\index.ts","statementMap":{},"fnMap":{},"branchMap":{},"s":{},"f":{},"b":{}}
,"C:\\front\\Яндекс Практикум\\Dev\\stellar-burger\\react-stellar-burger\\src\\components\\layout\\layout.tsx": {"path":"C:\\front\\Яндекс Практикум\\Dev\\stellar-burger\\react-stellar-burger\\src\\components\\layout\\layout.tsx","statementMap":{"0":{"start":{"line":32,"column":15},"end":{"line":134,"column":1}},"1":{"start":{"line":42,"column":37},"end":{"line":42,"column":64}},"2":{"start":{"line":43,"column":41},"end":{"line":43,"column":68}},"3":{"start":{"line":44,"column":39},"end":{"line":44,"column":66}},"4":{"start":{"line":45,"column":34},"end":{"line":45,"column":63}},"5":{"start":{"line":46,"column":21},"end":{"line":46,"column":34}},"6":{"start":{"line":49,"column":27},"end":{"line":53,"column":5}},"7":{"start":{"line":50,"column":8},"end":{"line":50,"column":25}},"8":{"start":{"line":51,"column":20},"end":{"line":51,"column":54}},"9":{"start":{"line":52,"column":8},"end":{"line":52,"column":76}},"10":{"start":{"line":52,"column":17},"end":{"line":52,"column":76}},"11":{"start":{"line":55,"column":35},"end":{"line":56,"column":40}},"12":{"start":{"line":56,"column":8},"end":{"line":56,"column":40}},"13":{"start":{"line":58,"column":4},"end":{"line":66,"column":45}},"14":{"start":{"line":59,"column":8},"end":{"line":65,"column":9}},"15":{"start":{"line":60,"column":12},"end":{"line":60,"column":30}},"16":{"start":{"line":61,"column":15},"end":{"line":65,"column":9}},"17":{"start":{"line":62,"column":12},"end":{"line":62,"column":32}},"18":{"start":{"line":64,"column":12},"end":{"line":64,"column":31}},"19":{"start":{"line":68,"column":23},"end":{"line":74,"column":5}},"20":{"start":{"line":69,"column":8},"end":{"line":73,"column":9}},"21":{"start":{"line":70,"column":12},"end":{"line":70,"column":36}},"22":{"start":{"line":72,"column":12},"end":{"line":72,"column":40}},"23":{"start":{"line":76,"column":30},"end":{"line":85,"column":5}},"24":{"start":{"line":78,"column":12},"end":{"line":80,"column":13}},"25":{"start":{"line":79,"column":16},"end":{"line":79,"column":42}},"26":{"start":{"line":81,"column":12},"end":{"line":81,"column":47}},"27":{"start":{"line":82,"column":12},"end":{"line":82,"column":26}},"28":{"start":{"line":87,"column":4},"end":{"line":133,"column":6}},"29":{"start":{"line":109,"column":32},"end":{"line":111,"column":34}},"30":{"start":{"line":110,"column":74},"end":{"line":110,"column":79}},"31":{"start":{"line":112,"column":32},"end":{"line":112,"column":59}},"32":{"start":{"line":125,"column":24},"end":{"line":125,"column":52}},"33":{"start":{"line":126,"column":24},"end":{"line":126,"column":47}}},"fnMap":{"0":{"name":"(anonymous_0)","decl":{"start":{"line":32,"column":15},"end":{"line":32,"column":16}},"loc":{"start":{"line":41,"column":35},"end":{"line":134,"column":1}},"line":41},"1":{"name":"(anonymous_1)","decl":{"start":{"line":49,"column":27},"end":{"line":49,"column":28}},"loc":{"start":{"line":49,"column":45},"end":{"line":53,"column":5}},"line":49},"2":{"name":"(anonymous_2)","decl":{"start":{"line":55,"column":35},"end":{"line":55,"column":36}},"loc":{"start":{"line":56,"column":8},"end":{"line":56,"column":40}},"line":56},"3":{"name":"(anonymous_3)","decl":{"start":{"line":58,"column":14},"end":{"line":58,"column":15}},"loc":{"start":{"line":58,"column":20},"end":{"line":66,"column":5}},"line":58},"4":{"name":"(anonymous_4)","decl":{"start":{"line":68,"column":23},"end":{"line":68,"column":24}},"loc":{"start":{"line":68,"column":49},"end":{"line":74,"column":5}},"line":68},"5":{"name":"(anonymous_5)","decl":{"start":{"line":77,"column":8},"end":{"line":77,"column":9}},"loc":{"start":{"line":77,"column":68},"end":{"line":83,"column":9}},"line":77},"6":{"name":"(anonymous_6)","decl":{"start":{"line":108,"column":37},"end":{"line":108,"column":38}},"loc":{"start":{"line":108,"column":43},"end":{"line":113,"column":29}},"line":108},"7":{"name":"(anonymous_7)","decl":{"start":{"line":110,"column":67},"end":{"line":110,"column":68}},"loc":{"start":{"line":110,"column":74},"end":{"line":110,"column":79}},"line":110},"8":{"name":"(anonymous_8)","decl":{"start":{"line":124,"column":29},"end":{"line":124,"column":30}},"loc":{"start":{"line":124,"column":35},"end":{"line":127,"column":21}},"line":124}},"branchMap":{"0":{"loc":{"start":{"line":52,"column":8},"end":{"line":52,"column":76}},"type":"if","locations":[{"start":{"line":52,"column":8},"end":{"line":52,"column":76}},{"start":{},"end":{}}],"line":52},"1":{"loc":{"start":{"line":59,"column":8},"end":{"line":65,"column":9}},"type":"if","locations":[{"start":{"line":59,"column":8},"end":{"line":65,"column":9}},{"start":{"line":61,"column":15},"end":{"line":65,"column":9}}],"line":59},"2":{"loc":{"start":{"line":61,"column":15},"end":{"line":65,"column":9}},"type":"if","locations":[{"start":{"line":61,"column":15},"end":{"line":65,"column":9}},{"start":{"line":63,"column":15},"end":{"line":65,"column":9}}],"line":61},"3":{"loc":{"start":{"line":69,"column":8},"end":{"line":73,"column":9}},"type":"if","locations":[{"start":{"line":69,"column":8},"end":{"line":73,"column":9}},{"start":{"line":71,"column":15},"end":{"line":73,"column":9}}],"line":69},"4":{"loc":{"start":{"line":78,"column":12},"end":{"line":80,"column":13}},"type":"if","locations":[{"start":{"line":78,"column":12},"end":{"line":80,"column":13}},{"start":{},"end":{}}],"line":78},"5":{"loc":{"start":{"line":121,"column":13},"end":{"line":131,"column":13}},"type":"binary-expr","locations":[{"start":{"line":121,"column":13},"end":{"line":121,"column":30}},{"start":{"line":122,"column":16},"end":{"line":130,"column":24}}],"line":121}},"s":{"0":0,"1":0,"2":0,"3":0,"4":0,"5":0,"6":0,"7":0,"8":0,"9":0,"10":0,"11":0,"12":0,"13":0,"14":0,"15":0,"16":0,"17":0,"18":0,"19":0,"20":0,"21":0,"22":0,"23":0,"24":0,"25":0,"26":0,"27":0,"28":0,"29":0,"30":0,"31":0,"32":0,"33":0},"f":{"0":0,"1":0,"2":0,"3":0,"4":0,"5":0,"6":0,"7":0,"8":0},"b":{"0":[0,0],"1":[0,0],"2":[0,0],"3":[0,0],"4":[0,0],"5":[0,0]}}
,"C:\\front\\Яндекс Практикум\\Dev\\stellar-burger\\react-stellar-burger\\src\\components\\loader\\index.ts": {"path":"C:\\front\\Яндекс Практикум\\Dev\\stellar-burger\\react-stellar-burger\\src\\components\\loader\\index.ts","statementMap":{},"fnMap":{},"branchMap":{},"s":{},"f":{},"b":{}}
,"C:\\front\\Яндекс Практикум\\Dev\\stellar-burger\\react-stellar-burger\\src\\components\\loader\\loader.tsx": {"path":"C:\\front\\Яндекс Практикум\\Dev\\stellar-burger\\react-stellar-burger\\src\\components\\loader\\loader.tsx","statementMap":{"0":{"start":{"line":5,"column":4},"end":{"line":7,"column":5}}},"fnMap":{"0":{"name":"Loader","decl":{"start":{"line":4,"column":9},"end":{"line":4,"column":15}},"loc":{"start":{"line":4,"column":18},"end":{"line":8,"column":1}},"line":4}},"branchMap":{},"s":{"0":0},"f":{"0":0},"b":{}}
,"C:\\front\\Яндекс Практикум\\Dev\\stellar-burger\\react-stellar-burger\\src\\components\\modal\\index.ts": {"path":"C:\\front\\Яндекс Практикум\\Dev\\stellar-burger\\react-stellar-burger\\src\\components\\modal\\index.ts","statementMap":{},"fnMap":{},"branchMap":{},"s":{},"f":{},"b":{}}
,"C:\\front\\Яндекс Практикум\\Dev\\stellar-burger\\react-stellar-burger\\src\\components\\modal\\modal.tsx": {"path":"C:\\front\\Яндекс Практикум\\Dev\\stellar-burger\\react-stellar-burger\\src\\components\\modal\\modal.tsx","statementMap":{"0":{"start":{"line":16,"column":14},"end":{"line":48,"column":1}},"1":{"start":{"line":17,"column":18},"end":{"line":17,"column":50}},"2":{"start":{"line":18,"column":22},"end":{"line":18,"column":26}},"3":{"start":{"line":20,"column":4},"end":{"line":32,"column":29}},"4":{"start":{"line":22,"column":12},"end":{"line":24,"column":13}},"5":{"start":{"line":23,"column":16},"end":{"line":23,"column":26}},"6":{"start":{"line":26,"column":8},"end":{"line":31,"column":9}},"7":{"start":{"line":27,"column":12},"end":{"line":27,"column":64}},"8":{"start":{"line":28,"column":12},"end":{"line":30,"column":14}},"9":{"start":{"line":29,"column":16},"end":{"line":29,"column":71}},"10":{"start":{"line":34,"column":4},"end":{"line":47,"column":15}}},"fnMap":{"0":{"name":"(anonymous_0)","decl":{"start":{"line":16,"column":14},"end":{"line":16,"column":15}},"loc":{"start":{"line":16,"column":90},"end":{"line":48,"column":1}},"line":16},"1":{"name":"(anonymous_1)","decl":{"start":{"line":20,"column":14},"end":{"line":20,"column":15}},"loc":{"start":{"line":20,"column":20},"end":{"line":32,"column":5}},"line":20},"2":{"name":"closeByEscape","decl":{"start":{"line":21,"column":17},"end":{"line":21,"column":30}},"loc":{"start":{"line":21,"column":51},"end":{"line":25,"column":9}},"line":21},"3":{"name":"(anonymous_3)","decl":{"start":{"line":28,"column":19},"end":{"line":28,"column":20}},"loc":{"start":{"line":28,"column":25},"end":{"line":30,"column":13}},"line":28}},"branchMap":{"0":{"loc":{"start":{"line":22,"column":12},"end":{"line":24,"column":13}},"type":"if","locations":[{"start":{"line":22,"column":12},"end":{"line":24,"column":13}},{"start":{},"end":{}}],"line":22},"1":{"loc":{"start":{"line":26,"column":8},"end":{"line":31,"column":9}},"type":"if","locations":[{"start":{"line":26,"column":8},"end":{"line":31,"column":9}},{"start":{},"end":{}}],"line":26},"2":{"loc":{"start":{"line":34,"column":11},"end":{"line":47,"column":14}},"type":"cond-expr","locations":[{"start":{"line":35,"column":10},"end":{"line":46,"column":9}},{"start":{"line":47,"column":10},"end":{"line":47,"column":14}}],"line":34}},"s":{"0":0,"1":0,"2":0,"3":0,"4":0,"5":0,"6":0,"7":0,"8":0,"9":0,"10":0},"f":{"0":0,"1":0,"2":0,"3":0},"b":{"0":[0,0],"1":[0,0],"2":[0,0]}}
,"C:\\front\\Яндекс Практикум\\Dev\\stellar-burger\\react-stellar-burger\\src\\components\\modal\\modal-overlay\\index.ts": {"path":"C:\\front\\Яндекс Практикум\\Dev\\stellar-burger\\react-stellar-burger\\src\\components\\modal\\modal-overlay\\index.ts","statementMap":{},"fnMap":{},"branchMap":{},"s":{},"f":{},"b":{}}
,"C:\\front\\Яндекс Практикум\\Dev\\stellar-burger\\react-stellar-burger\\src\\components\\modal\\modal-overlay\\modal-overlay.tsx": {"path":"C:\\front\\Яндекс Практикум\\Dev\\stellar-burger\\react-stellar-burger\\src\\components\\modal\\modal-overlay\\modal-overlay.tsx","statementMap":{"0":{"start":{"line":10,"column":21},"end":{"line":21,"column":1}},"1":{"start":{"line":11,"column":4},"end":{"line":20,"column":6}},"2":{"start":{"line":15,"column":32},"end":{"line":15,"column":51}}},"fnMap":{"0":{"name":"(anonymous_0)","decl":{"start":{"line":10,"column":21},"end":{"line":10,"column":22}},"loc":{"start":{"line":10,"column":67},"end":{"line":21,"column":1}},"line":10},"1":{"name":"(anonymous_1)","decl":{"start":{"line":15,"column":25},"end":{"line":15,"column":26}},"loc":{"start":{"line":15,"column":32},"end":{"line":15,"column":51}},"line":15}},"branchMap":{},"s":{"0":0,"1":0,"2":0},"f":{"0":0,"1":0},"b":{}}
,"C:\\front\\Яндекс Практикум\\Dev\\stellar-burger\\react-stellar-burger\\src\\components\\order-details\\index.ts": {"path":"C:\\front\\Яндекс Практикум\\Dev\\stellar-burger\\react-stellar-burger\\src\\components\\order-details\\index.ts","statementMap":{},"fnMap":{},"branchMap":{},"s":{},"f":{},"b":{}}
,"C:\\front\\Яндекс Практикум\\Dev\\stellar-burger\\react-stellar-burger\\src\\components\\order-details\\order-details.tsx": {"path":"C:\\front\\Яндекс Практикум\\Dev\\stellar-burger\\react-stellar-burger\\src\\components\\order-details\\order-details.tsx","statementMap":{"0":{"start":{"line":11,"column":21},"end":{"line":35,"column":1}},"1":{"start":{"line":12,"column":4},"end":{"line":34,"column":6}}},"fnMap":{"0":{"name":"(anonymous_0)","decl":{"start":{"line":11,"column":21},"end":{"line":11,"column":22}},"loc":{"start":{"line":11,"column":55},"end":{"line":35,"column":1}},"line":11}},"branchMap":{"0":{"loc":{"start":{"line":14,"column":13},"end":{"line":32,"column":13}},"type":"binary-expr","locations":[{"start":{"line":14,"column":13},"end":{"line":14,"column":18}},{"start":{"line":15,"column":16},"end":{"line":31,"column":22}}],"line":14}},"s":{"0":0,"1":0},"f":{"0":0},"b":{"0":[0,0]}}
,"C:\\front\\Яндекс Практикум\\Dev\\stellar-burger\\react-stellar-burger\\src\\components\\protected-route\\index.ts": {"path":"C:\\front\\Яндекс Практикум\\Dev\\stellar-burger\\react-stellar-burger\\src\\components\\protected-route\\index.ts","statementMap":{},"fnMap":{},"branchMap":{},"s":{},"f":{},"b":{}}
,"C:\\front\\Яндекс Практикум\\Dev\\stellar-burger\\react-stellar-burger\\src\\components\\protected-route\\protected-route.tsx": {"path":"C:\\front\\Яндекс Практикум\\Dev\\stellar-burger\\react-stellar-burger\\src\\components\\protected-route\\protected-route.tsx","statementMap":{"0":{"start":{"line":12,"column":23},"end":{"line":31,"column":1}},"1":{"start":{"line":13,"column":21},"end":{"line":13,"column":34}},"2":{"start":{"line":14,"column":21},"end":{"line":14,"column":45}},"3":{"start":{"line":15,"column":24},"end":{"line":15,"column":53}},"4":{"start":{"line":17,"column":4},"end":{"line":19,"column":5}},"5":{"start":{"line":18,"column":8},"end":{"line":18,"column":26}},"6":{"start":{"line":21,"column":4},"end":{"line":24,"column":5}},"7":{"start":{"line":22,"column":21},"end":{"line":22,"column":62}},"8":{"start":{"line":23,"column":8},"end":{"line":23,"column":46}},"9":{"start":{"line":26,"column":4},"end":{"line":28,"column":5}},"10":{"start":{"line":27,"column":8},"end":{"line":27,"column":75}},"11":{"start":{"line":30,"column":4},"end":{"line":30,"column":27}}},"fnMap":{"0":{"name":"(anonymous_0)","decl":{"start":{"line":12,"column":23},"end":{"line":12,"column":24}},"loc":{"start":{"line":12,"column":74},"end":{"line":31,"column":1}},"line":12}},"branchMap":{"0":{"loc":{"start":{"line":17,"column":4},"end":{"line":19,"column":5}},"type":"if","locations":[{"start":{"line":17,"column":4},"end":{"line":19,"column":5}},{"start":{},"end":{}}],"line":17},"1":{"loc":{"start":{"line":21,"column":4},"end":{"line":24,"column":5}},"type":"if","locations":[{"start":{"line":21,"column":4},"end":{"line":24,"column":5}},{"start":{},"end":{}}],"line":21},"2":{"loc":{"start":{"line":21,"column":8},"end":{"line":21,"column":30}},"type":"binary-expr","locations":[{"start":{"line":21,"column":8},"end":{"line":21,"column":18}},{"start":{"line":21,"column":22},"end":{"line":21,"column":30}}],"line":21},"3":{"loc":{"start":{"line":22,"column":21},"end":{"line":22,"column":62}},"type":"binary-expr","locations":[{"start":{"line":22,"column":21},"end":{"line":22,"column":41}},{"start":{"line":22,"column":45},"end":{"line":22,"column":62}}],"line":22},"4":{"loc":{"start":{"line":26,"column":4},"end":{"line":28,"column":5}},"type":"if","locations":[{"start":{"line":26,"column":4},"end":{"line":28,"column":5}},{"start":{},"end":{}}],"line":26},"5":{"loc":{"start":{"line":26,"column":8},"end":{"line":26,"column":32}},"type":"binary-expr","locations":[{"start":{"line":26,"column":8},"end":{"line":26,"column":19}},{"start":{"line":26,"column":23},"end":{"line":26,"column":32}}],"line":26}},"s":{"0":0,"1":0,"2":0,"3":0,"4":0,"5":0,"6":0,"7":0,"8":0,"9":0,"10":0,"11":0},"f":{"0":0},"b":{"0":[0,0],"1":[0,0],"2":[0,0],"3":[0,0],"4":[0,0],"5":[0,0]}}
,"C:\\front\\Яндекс Практикум\\Dev\\stellar-burger\\react-stellar-burger\\src\\pages\\feed\\feed.tsx": {"path":"C:\\front\\Яндекс Практикум\\Dev\\stellar-burger\\react-stellar-burger\\src\\pages\\feed\\feed.tsx","statementMap":{"0":{"start":{"line":19,"column":13},"end":{"line":38,"column":1}},"1":{"start":{"line":20,"column":21},"end":{"line":20,"column":34}},"2":{"start":{"line":21,"column":4},"end":{"line":29,"column":6}},"3":{"start":{"line":22,"column":8},"end":{"line":22,"column":102}},"4":{"start":{"line":23,"column":28},"end":{"line":23,"column":52}},"5":{"start":{"line":24,"column":8},"end":{"line":28,"column":9}},"6":{"start":{"line":25,"column":35},"end":{"line":25,"column":69}},"7":{"start":{"line":26,"column":32},"end":{"line":26,"column":79}},"8":{"start":{"line":27,"column":12},"end":{"line":27,"column":102}},"9":{"start":{"line":32,"column":4},"end":{"line":37,"column":5}}},"fnMap":{"0":{"name":"(anonymous_0)","decl":{"start":{"line":19,"column":13},"end":{"line":19,"column":14}},"loc":{"start":{"line":19,"column":72},"end":{"line":38,"column":1}},"line":19},"1":{"name":"(anonymous_1)","decl":{"start":{"line":21,"column":14},"end":{"line":21,"column":15}},"loc":{"start":{"line":21,"column":20},"end":{"line":29,"column":5}},"line":21}},"branchMap":{"0":{"loc":{"start":{"line":24,"column":8},"end":{"line":28,"column":9}},"type":"if","locations":[{"start":{"line":24,"column":8},"end":{"line":28,"column":9}},{"start":{},"end":{}}],"line":24}},"s":{"0":0,"1":0,"2":0,"3":0,"4":0,"5":0,"6":0,"7":0,"8":0,"9":0},"f":{"0":0,"1":0},"b":{"0":[0,0]}}
,"C:\\front\\Яндекс Практикум\\Dev\\stellar-burger\\react-stellar-burger\\src\\pages\\feed\\index.ts": {"path":"C:\\front\\Яндекс Практикум\\Dev\\stellar-burger\\react-stellar-burger\\src\\pages\\feed\\index.ts","statementMap":{},"fnMap":{},"branchMap":{},"s":{},"f":{},"b":{}}
,"C:\\front\\Яндекс Практикум\\Dev\\stellar-burger\\react-stellar-burger\\src\\pages\\feed\\order-feed\\index.ts": {"path":"C:\\front\\Яндекс Практикум\\Dev\\stellar-burger\\react-stellar-burger\\src\\pages\\feed\\order-feed\\index.ts","statementMap":{},"fnMap":{},"branchMap":{},"s":{},"f":{},"b":{}}
,"C:\\front\\Яндекс Практикум\\Dev\\stellar-burger\\react-stellar-burger\\src\\pages\\feed\\order-feed\\order-feed.tsx": {"path":"C:\\front\\Яндекс Практикум\\Dev\\stellar-burger\\react-stellar-burger\\src\\pages\\feed\\order-feed\\order-feed.tsx","statementMap":{"0":{"start":{"line":11,"column":18},"end":{"line":26,"column":1}},"1":{"start":{"line":12,"column":4},"end":{"line":25,"column":5}},"2":{"start":{"line":20,"column":24},"end":{"line":20,"column":87}}},"fnMap":{"0":{"name":"(anonymous_0)","decl":{"start":{"line":11,"column":18},"end":{"line":11,"column":19}},"loc":{"start":{"line":11,"column":63},"end":{"line":26,"column":1}},"line":11},"1":{"name":"(anonymous_1)","decl":{"start":{"line":19,"column":31},"end":{"line":19,"column":32}},"loc":{"start":{"line":20,"column":24},"end":{"line":20,"column":87}},"line":20}},"branchMap":{},"s":{"0":0,"1":0,"2":0},"f":{"0":0,"1":0},"b":{}}
,"C:\\front\\Яндекс Практикум\\Dev\\stellar-burger\\react-stellar-burger\\src\\pages\\feed\\order-feed\\order\\index.ts": {"path":"C:\\front\\Яндекс Практикум\\Dev\\stellar-burger\\react-stellar-burger\\src\\pages\\feed\\order-feed\\order\\index.ts","statementMap":{},"fnMap":{},"branchMap":{},"s":{},"f":{},"b":{}}
,"C:\\front\\Яндекс Практикум\\Dev\\stellar-burger\\react-stellar-burger\\src\\pages\\feed\\order-feed\\order\\order.tsx": {"path":"C:\\front\\Яндекс Практикум\\Dev\\stellar-burger\\react-stellar-burger\\src\\pages\\feed\\order-feed\\order\\order.tsx","statementMap":{"0":{"start":{"line":14,"column":14},"end":{"line":55,"column":1}},"1":{"start":{"line":15,"column":21},"end":{"line":15,"column":34}},"2":{"start":{"line":16,"column":19},"end":{"line":16,"column":66}},"3":{"start":{"line":16,"column":46},"end":{"line":16,"column":65}},"4":{"start":{"line":17,"column":18},"end":{"line":17,"column":22}},"5":{"start":{"line":18,"column":25},"end":{"line":18,"column":26}},"6":{"start":{"line":19,"column":27},"end":{"line":19,"column":68}},"7":{"start":{"line":20,"column":24},"end":{"line":20,"column":123}},"8":{"start":{"line":20,"column":31},"end":{"line":20,"column":122}},"9":{"start":{"line":21,"column":23},"end":{"line":23,"column":8}},"10":{"start":{"line":21,"column":42},"end":{"line":21,"column":57}},"11":{"start":{"line":22,"column":8},"end":{"line":22,"column":28}},"12":{"start":{"line":24,"column":4},"end":{"line":54,"column":5}},"13":{"start":{"line":36,"column":51},"end":{"line":36,"column":66}},"14":{"start":{"line":37,"column":36},"end":{"line":39,"column":48}}},"fnMap":{"0":{"name":"(anonymous_0)","decl":{"start":{"line":14,"column":14},"end":{"line":14,"column":15}},"loc":{"start":{"line":14,"column":52},"end":{"line":55,"column":1}},"line":14},"1":{"name":"(anonymous_1)","decl":{"start":{"line":16,"column":40},"end":{"line":16,"column":41}},"loc":{"start":{"line":16,"column":46},"end":{"line":16,"column":65}},"line":16},"2":{"name":"(anonymous_2)","decl":{"start":{"line":20,"column":24},"end":{"line":20,"column":25}},"loc":{"start":{"line":20,"column":30},"end":{"line":20,"column":123}},"line":20},"3":{"name":"(anonymous_3)","decl":{"start":{"line":21,"column":37},"end":{"line":21,"column":38}},"loc":{"start":{"line":21,"column":42},"end":{"line":21,"column":57}},"line":21},"4":{"name":"(anonymous_4)","decl":{"start":{"line":21,"column":66},"end":{"line":21,"column":67}},"loc":{"start":{"line":21,"column":75},"end":{"line":23,"column":5}},"line":21},"5":{"name":"(anonymous_5)","decl":{"start":{"line":36,"column":46},"end":{"line":36,"column":47}},"loc":{"start":{"line":36,"column":51},"end":{"line":36,"column":66}},"line":36},"6":{"name":"(anonymous_6)","decl":{"start":{"line":36,"column":94},"end":{"line":36,"column":95}},"loc":{"start":{"line":36,"column":108},"end":{"line":40,"column":33}},"line":36}},"branchMap":{"0":{"loc":{"start":{"line":20,"column":38},"end":{"line":20,"column":122}},"type":"cond-expr","locations":[{"start":{"line":20,"column":63},"end":{"line":20,"column":73}},{"start":{"line":20,"column":76},"end":{"line":20,"column":122}}],"line":20},"1":{"loc":{"start":{"line":20,"column":76},"end":{"line":20,"column":122}},"type":"cond-expr","locations":[{"start":{"line":20,"column":104},"end":{"line":20,"column":115}},{"start":{"line":20,"column":118},"end":{"line":20,"column":122}}],"line":20},"2":{"loc":{"start":{"line":43,"column":32},"end":{"line":43,"column":159}},"type":"binary-expr","locations":[{"start":{"line":43,"column":33},"end":{"line":43,"column":51}},{"start":{"line":43,"column":56},"end":{"line":43,"column":159}}],"line":43}},"s":{"0":0,"1":0,"2":0,"3":0,"4":0,"5":0,"6":0,"7":0,"8":0,"9":0,"10":0,"11":0,"12":0,"13":0,"14":0},"f":{"0":0,"1":0,"2":0,"3":0,"4":0,"5":0,"6":0},"b":{"0":[0,0],"1":[0,0],"2":[0,0]}}
,"C:\\front\\Яндекс Практикум\\Dev\\stellar-burger\\react-stellar-burger\\src\\pages\\feed\\order-feed\\order\\order-ingredient-details\\index.ts": {"path":"C:\\front\\Яндекс Практикум\\Dev\\stellar-burger\\react-stellar-burger\\src\\pages\\feed\\order-feed\\order\\order-ingredient-details\\index.ts","statementMap":{},"fnMap":{},"branchMap":{},"s":{},"f":{},"b":{}}
,"C:\\front\\Яндекс Практикум\\Dev\\stellar-burger\\react-stellar-burger\\src\\pages\\feed\\order-feed\\order\\order-ingredient-details\\order-ingredient-details.tsx": {"path":"C:\\front\\Яндекс Практикум\\Dev\\stellar-burger\\react-stellar-burger\\src\\pages\\feed\\order-feed\\order\\order-ingredient-details\\order-ingredient-details.tsx","statementMap":{"0":{"start":{"line":13,"column":31},"end":{"line":83,"column":1}},"1":{"start":{"line":14,"column":15},"end":{"line":14,"column":26}},"2":{"start":{"line":15,"column":18},"end":{"line":15,"column":48}},"3":{"start":{"line":15,"column":35},"end":{"line":15,"column":47}},"4":{"start":{"line":16,"column":4},"end":{"line":16,"column":29}},"5":{"start":{"line":16,"column":16},"end":{"line":16,"column":29}},"6":{"start":{"line":17,"column":24},"end":{"line":17,"column":72}},"7":{"start":{"line":17,"column":52},"end":{"line":17,"column":71}},"8":{"start":{"line":18,"column":24},"end":{"line":18,"column":125}},"9":{"start":{"line":18,"column":31},"end":{"line":18,"column":124}},"10":{"start":{"line":19,"column":30},"end":{"line":35,"column":38}},"11":{"start":{"line":20,"column":21},"end":{"line":20,"column":35}},"12":{"start":{"line":22,"column":21},"end":{"line":22,"column":58}},"13":{"start":{"line":22,"column":35},"end":{"line":22,"column":57}},"14":{"start":{"line":23,"column":12},"end":{"line":33,"column":13}},"15":{"start":{"line":24,"column":16},"end":{"line":30,"column":18}},"16":{"start":{"line":32,"column":16},"end":{"line":32,"column":27}},"17":{"start":{"line":34,"column":12},"end":{"line":34,"column":23}},"18":{"start":{"line":36,"column":23},"end":{"line":38,"column":8}},"19":{"start":{"line":37,"column":8},"end":{"line":37,"column":39}},"20":{"start":{"line":39,"column":4},"end":{"line":82,"column":5}},"21":{"start":{"line":54,"column":79},"end":{"line":54,"column":90}},"22":{"start":{"line":55,"column":43},"end":{"line":64,"column":49}}},"fnMap":{"0":{"name":"(anonymous_0)","decl":{"start":{"line":13,"column":31},"end":{"line":13,"column":32}},"loc":{"start":{"line":13,"column":88},"end":{"line":83,"column":1}},"line":13},"1":{"name":"(anonymous_1)","decl":{"start":{"line":15,"column":30},"end":{"line":15,"column":31}},"loc":{"start":{"line":15,"column":35},"end":{"line":15,"column":47}},"line":15},"2":{"name":"(anonymous_2)","decl":{"start":{"line":17,"column":46},"end":{"line":17,"column":47}},"loc":{"start":{"line":17,"column":52},"end":{"line":17,"column":71}},"line":17},"3":{"name":"(anonymous_3)","decl":{"start":{"line":18,"column":24},"end":{"line":18,"column":25}},"loc":{"start":{"line":18,"column":30},"end":{"line":18,"column":125}},"line":18},"4":{"name":"(anonymous_4)","decl":{"start":{"line":20,"column":16},"end":{"line":20,"column":17}},"loc":{"start":{"line":20,"column":21},"end":{"line":20,"column":35}},"line":20},"5":{"name":"(anonymous_5)","decl":{"start":{"line":21,"column":16},"end":{"line":21,"column":17}},"loc":{"start":{"line":21,"column":35},"end":{"line":35,"column":9}},"line":21},"6":{"name":"(anonymous_6)","decl":{"start":{"line":22,"column":30},"end":{"line":22,"column":31}},"loc":{"start":{"line":22,"column":35},"end":{"line":22,"column":57}},"line":22},"7":{"name":"(anonymous_7)","decl":{"start":{"line":36,"column":48},"end":{"line":36,"column":49}},"loc":{"start":{"line":36,"column":57},"end":{"line":38,"column":5}},"line":36},"8":{"name":"(anonymous_8)","decl":{"start":{"line":53,"column":57},"end":{"line":53,"column":58}},"loc":{"start":{"line":53,"column":80},"end":{"line":65,"column":40}},"line":53}},"branchMap":{"0":{"loc":{"start":{"line":16,"column":4},"end":{"line":16,"column":29}},"type":"if","locations":[{"start":{"line":16,"column":4},"end":{"line":16,"column":29}},{"start":{},"end":{}}],"line":16},"1":{"loc":{"start":{"line":18,"column":38},"end":{"line":18,"column":124}},"type":"cond-expr","locations":[{"start":{"line":18,"column":64},"end":{"line":18,"column":74}},{"start":{"line":18,"column":77},"end":{"line":18,"column":124}}],"line":18},"2":{"loc":{"start":{"line":18,"column":77},"end":{"line":18,"column":124}},"type":"cond-expr","locations":[{"start":{"line":18,"column":106},"end":{"line":18,"column":117}},{"start":{"line":18,"column":120},"end":{"line":18,"column":124}}],"line":18},"3":{"loc":{"start":{"line":23,"column":12},"end":{"line":33,"column":13}},"type":"if","locations":[{"start":{"line":23,"column":12},"end":{"line":33,"column":13}},{"start":{"line":31,"column":19},"end":{"line":33,"column":13}}],"line":23}},"s":{"0":0,"1":0,"2":0,"3":0,"4":0,"5":0,"6":0,"7":0,"8":0,"9":0,"10":0,"11":0,"12":0,"13":0,"14":0,"15":0,"16":0,"17":0,"18":0,"19":0,"20":0,"21":0,"22":0},"f":{"0":0,"1":0,"2":0,"3":0,"4":0,"5":0,"6":0,"7":0,"8":0},"b":{"0":[0,0],"1":[0,0],"2":[0,0],"3":[0,0]}}
,"C:\\front\\Яндекс Практикум\\Dev\\stellar-burger\\react-stellar-burger\\src\\pages\\feed\\order-information\\index.ts": {"path":"C:\\front\\Яндекс Практикум\\Dev\\stellar-burger\\react-stellar-burger\\src\\pages\\feed\\order-information\\index.ts","statementMap":{},"fnMap":{},"branchMap":{},"s":{},"f":{},"b":{}}
,"C:\\front\\Яндекс Практикум\\Dev\\stellar-burger\\react-stellar-burger\\src\\pages\\feed\\order-information\\order-information.tsx": {"path":"C:\\front\\Яндекс Практикум\\Dev\\stellar-burger\\react-stellar-burger\\src\\pages\\feed\\order-information\\order-information.tsx","statementMap":{"0":{"start":{"line":10,"column":25},"end":{"line":59,"column":1}},"1":{"start":{"line":11,"column":4},"end":{"line":58,"column":5}}},"fnMap":{"0":{"name":"(anonymous_0)","decl":{"start":{"line":10,"column":25},"end":{"line":10,"column":26}},"loc":{"start":{"line":10,"column":68},"end":{"line":59,"column":1}},"line":10}},"branchMap":{},"s":{"0":0,"1":0},"f":{"0":0},"b":{}}
,"C:\\front\\Яндекс Практикум\\Dev\\stellar-burger\\react-stellar-burger\\src\\pages\\forgot-password-page\\forgot-password-page.tsx": {"path":"C:\\front\\Яндекс Практикум\\Dev\\stellar-burger\\react-stellar-burger\\src\\pages\\forgot-password-page\\forgot-password-page.tsx","statementMap":{"0":{"start":{"line":10,"column":27},"end":{"line":68,"column":1}},"1":{"start":{"line":11,"column":30},"end":{"line":11,"column":55}},"2":{"start":{"line":12,"column":21},"end":{"line":12,"column":58}},"3":{"start":{"line":14,"column":24},"end":{"line":17,"column":5}},"4":{"start":{"line":15,"column":8},"end":{"line":15,"column":55}},"5":{"start":{"line":15,"column":25},"end":{"line":15,"column":50}},"6":{"start":{"line":16,"column":8},"end":{"line":16,"column":37}},"7":{"start":{"line":19,"column":25},"end":{"line":21,"column":5}},"8":{"start":{"line":20,"column":8},"end":{"line":20,"column":27}},"9":{"start":{"line":23,"column":4},"end":{"line":67,"column":6}},"10":{"start":{"line":33,"column":41},"end":{"line":33,"column":65}}},"fnMap":{"0":{"name":"(anonymous_0)","decl":{"start":{"line":10,"column":27},"end":{"line":10,"column":28}},"loc":{"start":{"line":10,"column":33},"end":{"line":68,"column":1}},"line":10},"1":{"name":"(anonymous_1)","decl":{"start":{"line":14,"column":24},"end":{"line":14,"column":25}},"loc":{"start":{"line":14,"column":30},"end":{"line":17,"column":5}},"line":14},"2":{"name":"(anonymous_2)","decl":{"start":{"line":15,"column":19},"end":{"line":15,"column":20}},"loc":{"start":{"line":15,"column":25},"end":{"line":15,"column":50}},"line":15},"3":{"name":"(anonymous_3)","decl":{"start":{"line":19,"column":25},"end":{"line":19,"column":26}},"loc":{"start":{"line":19,"column":60},"end":{"line":21,"column":5}},"line":19},"4":{"name":"(anonymous_4)","decl":{"start":{"line":33,"column":34},"end":{"line":33,"column":35}},"loc":{"start":{"line":33,"column":41},"end":{"line":33,"column":65}},"line":33}},"branchMap":{},"s":{"0":0,"1":0,"2":0,"3":0,"4":0,"5":0,"6":0,"7":0,"8":0,"9":0,"10":0},"f":{"0":0,"1":0,"2":0,"3":0,"4":0},"b":{}}
,"C:\\front\\Яндекс Практикум\\Dev\\stellar-burger\\react-stellar-burger\\src\\pages\\forgot-password-page\\index.ts": {"path":"C:\\front\\Яндекс Практикум\\Dev\\stellar-burger\\react-stellar-burger\\src\\pages\\forgot-password-page\\index.ts","statementMap":{},"fnMap":{},"branchMap":{},"s":{},"f":{},"b":{}}
,"C:\\front\\Яндекс Практикум\\Dev\\stellar-burger\\react-stellar-burger\\src\\pages\\login-page\\index.ts": {"path":"C:\\front\\Яндекс Практикум\\Dev\\stellar-burger\\react-stellar-burger\\src\\pages\\login-page\\index.ts","statementMap":{},"fnMap":{},"branchMap":{},"s":{},"f":{},"b":{}}
,"C:\\front\\Яндекс Практикум\\Dev\\stellar-burger\\react-stellar-burger\\src\\pages\\login-page\\login-page.tsx": {"path":"C:\\front\\Яндекс Практикум\\Dev\\stellar-burger\\react-stellar-burger\\src\\pages\\login-page\\login-page.tsx","statementMap":{"0":{"start":{"line":18,"column":18},"end":{"line":111,"column":1}},"1":{"start":{"line":19,"column":36},"end":{"line":22,"column":6}},"2":{"start":{"line":23,"column":21},"end":{"line":23,"column":51}},"3":{"start":{"line":25,"column":21},"end":{"line":28,"column":5}},"4":{"start":{"line":26,"column":32},"end":{"line":26,"column":40}},"5":{"start":{"line":27,"column":8},"end":{"line":27,"column":52}},"6":{"start":{"line":30,"column":24},"end":{"line":33,"column":5}},"7":{"start":{"line":31,"column":8},"end":{"line":31,"column":55}},"8":{"start":{"line":31,"column":25},"end":{"line":31,"column":50}},"9":{"start":{"line":32,"column":8},"end":{"line":32,"column":37}},"10":{"start":{"line":35,"column":25},"end":{"line":41,"column":5}},"11":{"start":{"line":36,"column":8},"end":{"line":36,"column":27}},"12":{"start":{"line":37,"column":8},"end":{"line":39,"column":9}},"13":{"start":{"line":38,"column":12},"end":{"line":38,"column":19}},"14":{"start":{"line":40,"column":8},"end":{"line":40,"column":26}},"15":{"start":{"line":43,"column":4},"end":{"line":110,"column":6}},"16":{"start":{"line":113,"column":0},"end":{"line":115,"column":2}}},"fnMap":{"0":{"name":"(anonymous_0)","decl":{"start":{"line":18,"column":18},"end":{"line":18,"column":19}},"loc":{"start":{"line":18,"column":51},"end":{"line":111,"column":1}},"line":18},"1":{"name":"(anonymous_1)","decl":{"start":{"line":25,"column":21},"end":{"line":25,"column":22}},"loc":{"start":{"line":25,"column":59},"end":{"line":28,"column":5}},"line":25},"2":{"name":"(anonymous_2)","decl":{"start":{"line":30,"column":24},"end":{"line":30,"column":25}},"loc":{"start":{"line":30,"column":30},"end":{"line":33,"column":5}},"line":30},"3":{"name":"(anonymous_3)","decl":{"start":{"line":31,"column":19},"end":{"line":31,"column":20}},"loc":{"start":{"line":31,"column":25},"end":{"line":31,"column":50}},"line":31},"4":{"name":"(anonymous_4)","decl":{"start":{"line":35,"column":25},"end":{"line":35,"column":26}},"loc":{"start":{"line":35,"column":60},"end":{"line":41,"column":5}},"line":35}},"branchMap":{"0":{"loc":{"start":{"line":37,"column":8},"end":{"line":39,"column":9}},"type":"if","locations":[{"start":{"line":37,"column":8},"end":{"line":39,"column":9}},{"start":{},"end":{}}],"line":37},"1":{"loc":{"start":{"line":37,"column":12},"end":{"line":37,"column":49}},"type":"binary-expr","locations":[{"start":{"line":37,"column":12},"end":{"line":37,"column":27}},{"start":{"line":37,"column":31},"end":{"line":37,"column":49}}],"line":37}},"s":{"0":0,"1":0,"2":0,"3":0,"4":0,"5":0,"6":0,"7":0,"8":0,"9":0,"10":0,"11":0,"12":0,"13":0,"14":0,"15":0,"16":0},"f":{"0":0,"1":0,"2":0,"3":0,"4":0},"b":{"0":[0,0],"1":[0,0]}}
,"C:\\front\\Яндекс Практикум\\Dev\\stellar-burger\\react-stellar-burger\\src\\pages\\not-found-page\\index.ts": {"path":"C:\\front\\Яндекс Практикум\\Dev\\stellar-burger\\react-stellar-burger\\src\\pages\\not-found-page\\index.ts","statementMap":{},"fnMap":{},"branchMap":{},"s":{},"f":{},"b":{}}
,"C:\\front\\Яндекс Практикум\\Dev\\stellar-burger\\react-stellar-burger\\src\\pages\\not-found-page\\not-found-page.tsx": {"path":"C:\\front\\Яндекс Практикум\\Dev\\stellar-burger\\react-stellar-burger\\src\\pages\\not-found-page\\not-found-page.tsx","statementMap":{"0":{"start":{"line":6,"column":21},"end":{"line":23,"column":1}},"1":{"start":{"line":7,"column":4},"end":{"line":22,"column":5}}},"fnMap":{"0":{"name":"(anonymous_0)","decl":{"start":{"line":6,"column":21},"end":{"line":6,"column":22}},"loc":{"start":{"line":6,"column":27},"end":{"line":23,"column":1}},"line":6}},"branchMap":{},"s":{"0":0,"1":0},"f":{"0":0},"b":{}}
,"C:\\front\\Яндекс Практикум\\Dev\\stellar-burger\\react-stellar-burger\\src\\pages\\order-history\\index.ts": {"path":"C:\\front\\Яндекс Практикум\\Dev\\stellar-burger\\react-stellar-burger\\src\\pages\\order-history\\index.ts","statementMap":{},"fnMap":{},"branchMap":{},"s":{},"f":{},"b":{}}
,"C:\\front\\Яндекс Практикум\\Dev\\stellar-burger\\react-stellar-burger\\src\\pages\\order-history\\order-history.tsx": {"path":"C:\\front\\Яндекс Практикум\\Dev\\stellar-burger\\react-stellar-burger\\src\\pages\\order-history\\order-history.tsx","statementMap":{"0":{"start":{"line":12,"column":21},"end":{"line":18,"column":1}},"1":{"start":{"line":13,"column":4},"end":{"line":17,"column":5}}},"fnMap":{"0":{"name":"(anonymous_0)","decl":{"start":{"line":12,"column":21},"end":{"line":12,"column":22}},"loc":{"start":{"line":12,"column":69},"end":{"line":18,"column":1}},"line":12}},"branchMap":{},"s":{"0":0,"1":0},"f":{"0":0},"b":{}}
,"C:\\front\\Яндекс Практикум\\Dev\\stellar-burger\\react-stellar-burger\\src\\pages\\profile-page\\index.ts": {"path":"C:\\front\\Яндекс Практикум\\Dev\\stellar-burger\\react-stellar-burger\\src\\pages\\profile-page\\index.ts","statementMap":{},"fnMap":{},"branchMap":{},"s":{},"f":{},"b":{}}
,"C:\\front\\Яндекс Практикум\\Dev\\stellar-burger\\react-stellar-burger\\src\\pages\\profile-page\\profile-page.tsx": {"path":"C:\\front\\Яндекс Практикум\\Dev\\stellar-burger\\react-stellar-burger\\src\\pages\\profile-page\\profile-page.tsx","statementMap":{"0":{"start":{"line":21,"column":20},"end":{"line":156,"column":1}},"1":{"start":{"line":22,"column":17},"end":{"line":22,"column":41}},"2":{"start":{"line":23,"column":21},"end":{"line":23,"column":34}},"3":{"start":{"line":24,"column":21},"end":{"line":24,"column":34}},"4":{"start":{"line":25,"column":36},"end":{"line":29,"column":6}},"5":{"start":{"line":30,"column":21},"end":{"line":30,"column":51}},"6":{"start":{"line":32,"column":21},"end":{"line":35,"column":5}},"7":{"start":{"line":33,"column":32},"end":{"line":33,"column":40}},"8":{"start":{"line":34,"column":8},"end":{"line":34,"column":52}},"9":{"start":{"line":37,"column":24},"end":{"line":40,"column":5}},"10":{"start":{"line":38,"column":8},"end":{"line":38,"column":55}},"11":{"start":{"line":38,"column":25},"end":{"line":38,"column":50}},"12":{"start":{"line":39,"column":8},"end":{"line":39,"column":37}},"13":{"start":{"line":42,"column":25},"end":{"line":50,"column":5}},"14":{"start":{"line":43,"column":8},"end":{"line":43,"column":27}},"15":{"start":{"line":44,"column":8},"end":{"line":49,"column":10}},"16":{"start":{"line":52,"column":29},"end":{"line":55,"column":5}},"17":{"start":{"line":53,"column":8},"end":{"line":53,"column":31}},"18":{"start":{"line":54,"column":8},"end":{"line":54,"column":22}},"19":{"start":{"line":57,"column":26},"end":{"line":63,"column":5}},"20":{"start":{"line":58,"column":8},"end":{"line":62,"column":11}},"21":{"start":{"line":65,"column":4},"end":{"line":155,"column":6}}},"fnMap":{"0":{"name":"(anonymous_0)","decl":{"start":{"line":21,"column":20},"end":{"line":21,"column":21}},"loc":{"start":{"line":21,"column":26},"end":{"line":156,"column":1}},"line":21},"1":{"name":"(anonymous_1)","decl":{"start":{"line":32,"column":21},"end":{"line":32,"column":22}},"loc":{"start":{"line":32,"column":59},"end":{"line":35,"column":5}},"line":32},"2":{"name":"(anonymous_2)","decl":{"start":{"line":37,"column":24},"end":{"line":37,"column":25}},"loc":{"start":{"line":37,"column":30},"end":{"line":40,"column":5}},"line":37},"3":{"name":"(anonymous_3)","decl":{"start":{"line":38,"column":19},"end":{"line":38,"column":20}},"loc":{"start":{"line":38,"column":25},"end":{"line":38,"column":50}},"line":38},"4":{"name":"(anonymous_4)","decl":{"start":{"line":42,"column":25},"end":{"line":42,"column":26}},"loc":{"start":{"line":42,"column":60},"end":{"line":50,"column":5}},"line":42},"5":{"name":"(anonymous_5)","decl":{"start":{"line":52,"column":29},"end":{"line":52,"column":30}},"loc":{"start":{"line":52,"column":35},"end":{"line":55,"column":5}},"line":52},"6":{"name":"(anonymous_6)","decl":{"start":{"line":57,"column":26},"end":{"line":57,"column":27}},"loc":{"start":{"line":57,"column":32},"end":{"line":63,"column":5}},"line":57}},"branchMap":{"0":{"loc":{"start":{"line":26,"column":14},"end":{"line":26,"column":38}},"type":"binary-expr","locations":[{"start":{"line":26,"column":14},"end":{"line":26,"column":30}},{"start":{"line":26,"column":34},"end":{"line":26,"column":38}}],"line":26},"1":{"loc":{"start":{"line":27,"column":15},"end":{"line":27,"column":40}},"type":"binary-expr","locations":[{"start":{"line":27,"column":15},"end":{"line":27,"column":32}},{"start":{"line":27,"column":36},"end":{"line":27,"column":40}}],"line":27},"2":{"loc":{"start":{"line":46,"column":23},"end":{"line":46,"column":43}},"type":"binary-expr","locations":[{"start":{"line":46,"column":23},"end":{"line":46,"column":37}},{"start":{"line":46,"column":41},"end":{"line":46,"column":43}}],"line":46},"3":{"loc":{"start":{"line":47,"column":22},"end":{"line":47,"column":41}},"type":"binary-expr","locations":[{"start":{"line":47,"column":22},"end":{"line":47,"column":35}},{"start":{"line":47,"column":39},"end":{"line":47,"column":41}}],"line":47},"4":{"loc":{"start":{"line":59,"column":18},"end":{"line":59,"column":42}},"type":"binary-expr","locations":[{"start":{"line":59,"column":18},"end":{"line":59,"column":34}},{"start":{"line":59,"column":38},"end":{"line":59,"column":42}}],"line":59},"5":{"loc":{"start":{"line":60,"column":19},"end":{"line":60,"column":44}},"type":"binary-expr","locations":[{"start":{"line":60,"column":19},"end":{"line":60,"column":36}},{"start":{"line":60,"column":40},"end":{"line":60,"column":44}}],"line":60},"6":{"loc":{"start":{"line":110,"column":31},"end":{"line":110,"column":50}},"type":"binary-expr","locations":[{"start":{"line":110,"column":31},"end":{"line":110,"column":44}},{"start":{"line":110,"column":48},"end":{"line":110,"column":50}}],"line":110},"7":{"loc":{"start":{"line":124,"column":31},"end":{"line":124,"column":51}},"type":"binary-expr","locations":[{"start":{"line":124,"column":31},"end":{"line":124,"column":45}},{"start":{"line":124,"column":49},"end":{"line":124,"column":51}}],"line":124}},"s":{"0":0,"1":0,"2":0,"3":0,"4":0,"5":0,"6":0,"7":0,"8":0,"9":0,"10":0,"11":0,"12":0,"13":0,"14":0,"15":0,"16":0,"17":0,"18":0,"19":0,"20":0,"21":0},"f":{"0":0,"1":0,"2":0,"3":0,"4":0,"5":0,"6":0},"b":{"0":[0,0],"1":[0,0],"2":[0,0],"3":[0,0],"4":[0,0],"5":[0,0],"6":[0,0],"7":[0,0]}}
,"C:\\front\\Яндекс Практикум\\Dev\\stellar-burger\\react-stellar-burger\\src\\pages\\register-page\\index.ts": {"path":"C:\\front\\Яндекс Практикум\\Dev\\stellar-burger\\react-stellar-burger\\src\\pages\\register-page\\index.ts","statementMap":{},"fnMap":{},"branchMap":{},"s":{},"f":{},"b":{}}
,"C:\\front\\Яндекс Практикум\\Dev\\stellar-burger\\react-stellar-burger\\src\\pages\\register-page\\register-page.tsx": {"path":"C:\\front\\Яндекс Практикум\\Dev\\stellar-burger\\react-stellar-burger\\src\\pages\\register-page\\register-page.tsx","statementMap":{"0":{"start":{"line":18,"column":21},"end":{"line":104,"column":1}},"1":{"start":{"line":19,"column":36},"end":{"line":23,"column":6}},"2":{"start":{"line":24,"column":21},"end":{"line":24,"column":51}},"3":{"start":{"line":26,"column":21},"end":{"line":28,"column":5}},"4":{"start":{"line":27,"column":8},"end":{"line":27,"column":70}},"5":{"start":{"line":30,"column":24},"end":{"line":33,"column":5}},"6":{"start":{"line":31,"column":8},"end":{"line":31,"column":55}},"7":{"start":{"line":31,"column":25},"end":{"line":31,"column":50}},"8":{"start":{"line":32,"column":8},"end":{"line":32,"column":37}},"9":{"start":{"line":35,"column":25},"end":{"line":38,"column":5}},"10":{"start":{"line":36,"column":8},"end":{"line":36,"column":27}},"11":{"start":{"line":37,"column":8},"end":{"line":37,"column":29}},"12":{"start":{"line":40,"column":4},"end":{"line":103,"column":6}},"13":{"start":{"line":106,"column":0},"end":{"line":108,"column":2}}},"fnMap":{"0":{"name":"(anonymous_0)","decl":{"start":{"line":18,"column":21},"end":{"line":18,"column":22}},"loc":{"start":{"line":18,"column":60},"end":{"line":104,"column":1}},"line":18},"1":{"name":"(anonymous_1)","decl":{"start":{"line":26,"column":21},"end":{"line":26,"column":22}},"loc":{"start":{"line":26,"column":59},"end":{"line":28,"column":5}},"line":26},"2":{"name":"(anonymous_2)","decl":{"start":{"line":30,"column":24},"end":{"line":30,"column":25}},"loc":{"start":{"line":30,"column":30},"end":{"line":33,"column":5}},"line":30},"3":{"name":"(anonymous_3)","decl":{"start":{"line":31,"column":19},"end":{"line":31,"column":20}},"loc":{"start":{"line":31,"column":25},"end":{"line":31,"column":50}},"line":31},"4":{"name":"(anonymous_4)","decl":{"start":{"line":35,"column":25},"end":{"line":35,"column":26}},"loc":{"start":{"line":35,"column":60},"end":{"line":38,"column":5}},"line":35}},"branchMap":{},"s":{"0":0,"1":0,"2":0,"3":0,"4":0,"5":0,"6":0,"7":0,"8":0,"9":0,"10":0,"11":0,"12":0,"13":0},"f":{"0":0,"1":0,"2":0,"3":0,"4":0},"b":{}}
,"C:\\front\\Яндекс Практикум\\Dev\\stellar-burger\\react-stellar-burger\\src\\pages\\reset-password-page\\index.ts": {"path":"C:\\front\\Яндекс Практикум\\Dev\\stellar-burger\\react-stellar-burger\\src\\pages\\reset-password-page\\index.ts","statementMap":{},"fnMap":{},"branchMap":{},"s":{},"f":{},"b":{}}
,"C:\\front\\Яндекс Практикум\\Dev\\stellar-burger\\react-stellar-burger\\src\\pages\\reset-password-page\\reset-password-page.tsx": {"path":"C:\\front\\Яндекс Практикум\\Dev\\stellar-burger\\react-stellar-burger\\src\\pages\\reset-password-page\\reset-password-page.tsx","statementMap":{"0":{"start":{"line":9,"column":26},"end":{"line":51,"column":1}},"1":{"start":{"line":10,"column":30},"end":{"line":10,"column":50}},"2":{"start":{"line":12,"column":21},"end":{"line":12,"column":51}},"3":{"start":{"line":14,"column":25},"end":{"line":16,"column":5}},"4":{"start":{"line":15,"column":8},"end":{"line":15,"column":33}},"5":{"start":{"line":18,"column":25},"end":{"line":20,"column":5}},"6":{"start":{"line":19,"column":8},"end":{"line":19,"column":27}},"7":{"start":{"line":22,"column":24},"end":{"line":25,"column":5}},"8":{"start":{"line":23,"column":8},"end":{"line":23,"column":55}},"9":{"start":{"line":23,"column":25},"end":{"line":23,"column":50}},"10":{"start":{"line":24,"column":8},"end":{"line":24,"column":37}},"11":{"start":{"line":27,"column":4},"end":{"line":50,"column":6}}},"fnMap":{"0":{"name":"(anonymous_0)","decl":{"start":{"line":9,"column":26},"end":{"line":9,"column":27}},"loc":{"start":{"line":9,"column":32},"end":{"line":51,"column":1}},"line":9},"1":{"name":"(anonymous_1)","decl":{"start":{"line":14,"column":25},"end":{"line":14,"column":26}},"loc":{"start":{"line":14,"column":63},"end":{"line":16,"column":5}},"line":14},"2":{"name":"(anonymous_2)","decl":{"start":{"line":18,"column":25},"end":{"line":18,"column":26}},"loc":{"start":{"line":18,"column":60},"end":{"line":20,"column":5}},"line":18},"3":{"name":"(anonymous_3)","decl":{"start":{"line":22,"column":24},"end":{"line":22,"column":25}},"loc":{"start":{"line":22,"column":30},"end":{"line":25,"column":5}},"line":22},"4":{"name":"(anonymous_4)","decl":{"start":{"line":23,"column":19},"end":{"line":23,"column":20}},"loc":{"start":{"line":23,"column":25},"end":{"line":23,"column":50}},"line":23}},"branchMap":{},"s":{"0":0,"1":0,"2":0,"3":0,"4":0,"5":0,"6":0,"7":0,"8":0,"9":0,"10":0,"11":0},"f":{"0":0,"1":0,"2":0,"3":0,"4":0},"b":{}}
,"C:\\front\\Яндекс Практикум\\Dev\\stellar-burger\\react-stellar-burger\\src\\services\\hooks.ts": {"path":"C:\\front\\Яндекс Практикум\\Dev\\stellar-burger\\react-stellar-burger\\src\\services\\hooks.ts","statementMap":{"0":{"start":{"line":15,"column":27},"end":{"line":15,"column":64}},"1":{"start":{"line":15,"column":33},"end":{"line":15,"column":64}},"2":{"start":{"line":17,"column":60},"end":{"line":17,"column":76}},"3":{"start":{"line":21,"column":4},"end":{"line":21,"column":94}}},"fnMap":{"0":{"name":"(anonymous_0)","decl":{"start":{"line":15,"column":27},"end":{"line":15,"column":28}},"loc":{"start":{"line":15,"column":33},"end":{"line":15,"column":64}},"line":15},"1":{"name":"PayloadCreator","decl":{"start":{"line":19,"column":16},"end":{"line":19,"column":30}},"loc":{"start":{"line":20,"column":69},"end":{"line":22,"column":1}},"line":20}},"branchMap":{},"s":{"0":1,"1":0,"2":1,"3":2},"f":{"0":0,"1":2},"b":{},"_coverageSchema":"1a1c01bbd47fc00a2c39e90264f33305004495a9","hash":"2422f89131f2706c9f5330544839e7370f23ec39"}
,"C:\\front\\Яндекс Практикум\\Dev\\stellar-burger\\react-stellar-burger\\src\\services\\rootReducers.js": {"path":"C:\\front\\Яндекс Практикум\\Dev\\stellar-burger\\react-stellar-burger\\src\\services\\rootReducers.js","statementMap":{"0":{"start":{"line":6,"column":28},"end":{"line":11,"column":2}}},"fnMap":{},"branchMap":{},"s":{"0":0},"f":{},"b":{}}
,"C:\\front\\Яндекс Практикум\\Dev\\stellar-burger\\react-stellar-burger\\src\\services\\selectors.ts": {"path":"C:\\front\\Яндекс Практикум\\Dev\\stellar-burger\\react-stellar-burger\\src\\services\\selectors.ts","statementMap":{"0":{"start":{"line":6,"column":30},"end":{"line":6,"column":98}},"1":{"start":{"line":6,"column":52},"end":{"line":6,"column":98}},"2":{"start":{"line":7,"column":27},"end":{"line":7,"column":81}},"3":{"start":{"line":7,"column":49},"end":{"line":7,"column":81}},"4":{"start":{"line":8,"column":32},"end":{"line":8,"column":91}},"5":{"start":{"line":8,"column":54},"end":{"line":8,"column":91}},"6":{"start":{"line":9,"column":24},"end":{"line":9,"column":68}},"7":{"start":{"line":9,"column":46},"end":{"line":9,"column":68}},"8":{"start":{"line":10,"column":35},"end":{"line":10,"column":90}},"9":{"start":{"line":10,"column":57},"end":{"line":10,"column":90}}},"fnMap":{"0":{"name":"(anonymous_0)","decl":{"start":{"line":6,"column":30},"end":{"line":6,"column":31}},"loc":{"start":{"line":6,"column":52},"end":{"line":6,"column":98}},"line":6},"1":{"name":"(anonymous_1)","decl":{"start":{"line":7,"column":27},"end":{"line":7,"column":28}},"loc":{"start":{"line":7,"column":49},"end":{"line":7,"column":81}},"line":7},"2":{"name":"(anonymous_2)","decl":{"start":{"line":8,"column":32},"end":{"line":8,"column":33}},"loc":{"start":{"line":8,"column":54},"end":{"line":8,"column":91}},"line":8},"3":{"name":"(anonymous_3)","decl":{"start":{"line":9,"column":24},"end":{"line":9,"column":25}},"loc":{"start":{"line":9,"column":46},"end":{"line":9,"column":68}},"line":9},"4":{"name":"(anonymous_4)","decl":{"start":{"line":10,"column":35},"end":{"line":10,"column":36}},"loc":{"start":{"line":10,"column":57},"end":{"line":10,"column":90}},"line":10}},"branchMap":{},"s":{"0":0,"1":0,"2":0,"3":0,"4":0,"5":0,"6":0,"7":0,"8":0,"9":0},"f":{"0":0,"1":0,"2":0,"3":0,"4":0},"b":{}}
,"C:\\front\\Яндекс Практикум\\Dev\\stellar-burger\\react-stellar-burger\\src\\services\\store.ts": {"path":"C:\\front\\Яндекс Практикум\\Dev\\stellar-burger\\react-stellar-burger\\src\\services\\store.ts","statementMap":{"0":{"start":{"line":10,"column":28},"end":{"line":10,"column":79}},"1":{"start":{"line":11,"column":36},"end":{"line":11,"column":103}},"2":{"start":{"line":13,"column":0},"end":{"line":13,"column":15}},"3":{"start":{"line":15,"column":21},"end":{"line":20,"column":2}},"4":{"start":{"line":18,"column":42},"end":{"line":19,"column":65}}},"fnMap":{"0":{"name":"(anonymous_0)","decl":{"start":{"line":18,"column":16},"end":{"line":18,"column":17}},"loc":{"start":{"line":18,"column":42},"end":{"line":19,"column":65}},"line":18}},"branchMap":{},"s":{"0":0,"1":0,"2":0,"3":0,"4":0},"f":{"0":0},"b":{}}
,"C:\\front\\Яндекс Практикум\\Dev\\stellar-burger\\react-stellar-burger\\src\\services\\middleware\\actions.ts": {"path":"C:\\front\\Яндекс Практикум\\Dev\\stellar-burger\\react-stellar-burger\\src\\services\\middleware\\actions.ts","statementMap":{"0":{"start":{"line":5,"column":31},"end":{"line":5,"column":44}},"1":{"start":{"line":6,"column":39},"end":{"line":6,"column":56}},"2":{"start":{"line":8,"column":45},"end":{"line":16,"column":1}},"3":{"start":{"line":18,"column":53},"end":{"line":26,"column":1}}},"fnMap":{},"branchMap":{},"s":{"0":0,"1":0,"2":0,"3":0},"f":{},"b":{}}
,"C:\\front\\Яндекс Практикум\\Dev\\stellar-burger\\react-stellar-burger\\src\\services\\middleware\\middleware.ts": {"path":"C:\\front\\Яндекс Практикум\\Dev\\stellar-burger\\react-stellar-burger\\src\\services\\middleware\\middleware.ts","statementMap":{"0":{"start":{"line":8,"column":87},"end":{"line":97,"column":1}},"1":{"start":{"line":9,"column":4},"end":{"line":96,"column":5}},"2":{"start":{"line":10,"column":39},"end":{"line":10,"column":43}},"3":{"start":{"line":11,"column":37},"end":{"line":11,"column":38}},"4":{"start":{"line":12,"column":35},"end":{"line":12,"column":40}},"5":{"start":{"line":13,"column":28},"end":{"line":13,"column":30}},"6":{"start":{"line":14,"column":40},"end":{"line":14,"column":45}},"7":{"start":{"line":16,"column":8},"end":{"line":95,"column":10}},"8":{"start":{"line":16,"column":23},"end":{"line":95,"column":9}},"9":{"start":{"line":17,"column":25},"end":{"line":17,"column":55}},"10":{"start":{"line":18,"column":12},"end":{"line":21,"column":13}},"11":{"start":{"line":19,"column":16},"end":{"line":19,"column":29}},"12":{"start":{"line":20,"column":16},"end":{"line":20,"column":23}},"13":{"start":{"line":22,"column":31},"end":{"line":22,"column":36}},"14":{"start":{"line":23,"column":97},"end":{"line":23,"column":106}},"15":{"start":{"line":25,"column":12},"end":{"line":31,"column":13}},"16":{"start":{"line":26,"column":16},"end":{"line":26,"column":45}},"17":{"start":{"line":27,"column":16},"end":{"line":27,"column":67}},"18":{"start":{"line":28,"column":16},"end":{"line":28,"column":51}},"19":{"start":{"line":29,"column":16},"end":{"line":29,"column":35}},"20":{"start":{"line":30,"column":16},"end":{"line":30,"column":41}},"21":{"start":{"line":33,"column":12},"end":{"line":92,"column":13}},"22":{"start":{"line":35,"column":16},"end":{"line":38,"column":18}},"23":{"start":{"line":36,"column":20},"end":{"line":36,"column":48}},"24":{"start":{"line":37,"column":20},"end":{"line":37,"column":39}},"25":{"start":{"line":40,"column":16},"end":{"line":42,"column":18}},"26":{"start":{"line":41,"column":20},"end":{"line":41,"column":56}},"27":{"start":{"line":44,"column":16},"end":{"line":60,"column":18}},"28":{"start":{"line":45,"column":20},"end":{"line":45,"column":49}},"29":{"start":{"line":46,"column":19},"end":{"line":49,"column":20}},"30":{"start":{"line":47,"column":23},"end":{"line":47,"column":66}},"31":{"start":{"line":48,"column":23},"end":{"line":48,"column":63}},"32":{"start":{"line":51,"column":20},"end":{"line":53,"column":21}},"33":{"start":{"line":52,"column":24},"end":{"line":52,"column":69}},"34":{"start":{"line":55,"column":19},"end":{"line":59,"column":20}},"35":{"start":{"line":56,"column":23},"end":{"line":58,"column":31}},"36":{"start":{"line":57,"column":27},"end":{"line":57,"column":73}},"37":{"start":{"line":62,"column":16},"end":{"line":82,"column":17}},"38":{"start":{"line":63,"column":35},"end":{"line":63,"column":40}},"39":{
[...]
актикум\\Dev\\stellar-burger\\react-stellar-burger\\src\\services\\slices\\orderSlice.ts": {"path":"C:\\front\\Яндекс Практикум\\Dev\\stellar-burger\\react-stellar-burger\\src\\services\\slices\\orderSlice.ts","statementMap":{"0":{"start":{"line":7,"column":64},"end":{"line":7,"column":71}},"1":{"start":{"line":8,"column":4},"end":{"line":47,"column":6}},"2":{"start":{"line":19,"column":12},"end":{"line":44,"column":18}},"3":{"start":{"line":21,"column":20},"end":{"line":21,"column":43}},"4":{"start":{"line":25,"column":20},"end":{"line":25,"column":44}},"5":{"start":{"line":29,"column":20},"end":{"line":29,"column":44}},"6":{"start":{"line":30,"column":20},"end":{"line":30,"column":43}},"7":{"start":{"line":34,"column":20},"end":{"line":34,"column":53}},"8":{"start":{"line":35,"column":20},"end":{"line":35,"column":44}},"9":{"start":{"line":39,"column":20},"end":{"line":39,"column":57}},"10":{"start":{"line":40,"column":20},"end":{"line":40,"column":55}},"11":{"start":{"line":41,"column":20},"end":{"line":41,"column":65}},"12":{"start":{"line":42,"column":20},"end":{"line":42,"column":44}},"13":{"start":{"line":43,"column":20},"end":{"line":43,"column":43}},"14":{"start":{"line":50,"column":26},"end":{"line":50,"column":65}},"15":{"start":{"line":51,"column":28},"end":{"line":51,"column":46}},"16":{"start":{"line":53,"column":37},"end":{"line":53,"column":95}},"17":{"start":{"line":54,"column":39},"end":{"line":54,"column":68}}},"fnMap":{"0":{"name":"sliceFactory","decl":{"start":{"line":6,"column":9},"end":{"line":6,"column":21}},"loc":{"start":{"line":6,"column":56},"end":{"line":48,"column":1}},"line":6},"1":{"name":"(anonymous_1)","decl":{"start":{"line":18,"column":23},"end":{"line":18,"column":24}},"loc":{"start":{"line":18,"column":36},"end":{"line":46,"column":9}},"line":18},"2":{"name":"(anonymous_2)","decl":{"start":{"line":20,"column":39},"end":{"line":20,"column":40}},"loc":{"start":{"line":20,"column":63},"end":{"line":22,"column":17}},"line":20},"3":{"name":"(anonymous_3)","decl":{"start":{"line":24,"column":33},"end":{"line":24,"column":34}},"loc":{"start":{"line":24,"column":57},"end":{"line":26,"column":17}},"line":24},"4":{"name":"(anonymous_4)","decl":{"start":{"line":28,"column":34},"end":{"line":28,"column":35}},"loc":{"start":{"line":28,"column":58},"end":{"line":31,"column":17}},"line":28},"5":{"name":"(anonymous_5)","decl":{"start":{"line":33,"column":34},"end":{"line":33,"column":35}},"loc":{"start":{"line":33,"column":67},"end":{"line":36,"column":17}},"line":33},"6":{"name":"(anonymous_6)","decl":{"start":{"line":38,"column":36},"end":{"line":38,"column":37}},"loc":{"start":{"line":38,"column":67},"end":{"line":44,"column":17}},"line":38}},"branchMap":{},"s":{"0":0,"1":0,"2":0,"3":0,"4":0,"5":0,"6":0,"7":0,"8":0,"9":0,"10":0,"11":0,"12":0,"13":0,"14":0,"15":0,"16":0,"17":0},"f":{"0":0,"1":0,"2":0,"3":0,"4":0,"5":0,"6":0},"b":{}}
,"C:\\front\\Яндекс Практикум\\Dev\\stellar-burger\\react-stellar-burger\\src\\services\\slices\\routerSlice.ts": {"path":"C:\\front\\Яндекс Практикум\\Dev\\stellar-burger\\react-stellar-burger\\src\\services\\slices\\routerSlice.ts","statementMap":{"0":{"start":{"line":27,"column":25},"end":{"line":27,"column":31}},"1":{"start":{"line":36,"column":33},"end":{"line":41,"column":1}},"2":{"start":{"line":43,"column":29},"end":{"line":48,"column":1}},"3":{"start":{"line":46,"column":8},"end":{"line":46,"column":75}},"4":{"start":{"line":50,"column":28},"end":{"line":55,"column":1}},"5":{"start":{"line":53,"column":8},"end":{"line":53,"column":85}},"6":{"start":{"line":57,"column":25},"end":{"line":62,"column":1}},"7":{"start":{"line":60,"column":8},"end":{"line":60,"column":82}},"8":{"start":{"line":64,"column":26},"end":{"line":69,"column":1}},"9":{"start":{"line":67,"column":8},"end":{"line":67,"column":79}},"10":{"start":{"line":71,"column":26},"end":{"line":76,"column":1}},"11":{"start":{"line":74,"column":8},"end":{"line":74,"column":85}},"12":{"start":{"line":78,"column":27},"end":{"line":132,"column":2}},"13":{"start":{"line":83,"column":12},"end":{"line":83,"column":39}},"14":{"start":{"line":87,"column":8},"end":{"line":130,"column":15}},"15":{"start":{"line":89,"column":16},"end":{"line":89,"column":48}},"16":{"start":{"line":90,"column":16},"end":{"line":90,"column":38}},"17":{"start":{"line":91,"column":16},"end":{"line":91,"column":35}},"18":{"start":{"line":94,"column":16},"end":{"line":94,"column":48}},"19":{"start":{"line":95,"column":16},"end":{"line":95,"column":69}},"20":{"start":{"line":96,"column":16},"end":{"line":96,"column":71}},"21":{"start":{"line":97,"column":16},"end":{"line":97,"column":38}},"22":{"start":{"line":98,"column":16},"end":{"line":98,"column":35}},"23":{"start":{"line":101,"column":16},"end":{"line":101,"column":48}},"24":{"start":{"line":102,"column":16},"end":{"line":102,"column":69}},"25":{"start":{"line":103,"column":16},"end":{"line":103,"column":71}},"26":{"start":{"line":104,"column":16},"end":{"line":104,"column":38}},"27":{"start":{"line":105,"column":16},"end":{"line":105,"column":35}},"28":{"start":{"line":109,"column":16},"end":{"line":109,"column":38}},"29":{"start":{"line":110,"column":16},"end":{"line":110,"column":45}},"30":{"start":{"line":111,"column":16},"end":{"line":111,"column":44}},"31":{"start":{"line":112,"column":16},"end":{"line":112,"column":38}},"32":{"start":{"line":113,"column":16},"end":{"line":113,"column":35}},"33":{"start":{"line":117,"column":16},"end":{"line":117,"column":48}},"34":{"start":{"line":118,"column":16},"end":{"line":118,"column":38}},"35":{"start":{"line":119,"column":16},"end":{"line":119,"column":35}},"36":{"start":{"line":123,"column":16},"end":{"line":123,"column":37}},"37":{"start":{"line":124,"column":16},"end":{"line":124,"column":35}},"38":{"start":{"line":128,"column":16},"end":{"line":128,"column":38}},"39":{"start":{"line":129,"column":16},"end":{"line":129,"column":45}},"40":{"start":{"line":134,"column":29},"end":{"line":134,"column":48}},"41":{"start":{"line":136,"column":29},"end":{"line":136,"column":48}}},"fnMap":{"0":{"name":"(anonymous_0)","decl":{"start":{"line":45,"column":42},"end":{"line":45,"column":43}},"loc":{"start":{"line":45,"column":60},"end":{"line":47,"column":5}},"line":45},"1":{"name":"(anonymous_1)","decl":{"start":{"line":52,"column":55},"end":{"line":52,"column":56}},"loc":{"start":{"line":52,"column":80},"end":{"line":54,"column":5}},"line":52},"2":{"name":"(anonymous_2)","decl":{"start":{"line":59,"column":52},"end":{"line":59,"column":53}},"loc":{"start":{"line":59,"column":76},"end":{"line":61,"column":5}},"line":59},"3":{"name":"(anonymous_3)","decl":{"start":{"line":66,"column":43},"end":{"line":66,"column":44}},"loc":{"start":{"line":66,"column":61},"end":{"line":68,"column":5}},"line":66},"4":{"name":"(anonymous_4)","decl":{"start":{"line":73,"column":45},"end":{"line":73,"column":46}},"loc":{"start":{"line":73,"column":70},"end":{"line":75,"column":5}},"line":73},"5":{"name":"(anonymous_5)","decl":{"start":{"line":82,"column":19},"end":{"line":82,"column":20}},"loc":{"start":{"line":82,"column":30},"end":{"line":84,"column":9}},"line":82},"6":{"name":"(anonymous_6)","decl":{"start":{"line":86,"column":19},"end":{"line":86,"column":20}},"loc":{"start":{"line":86,"column":32},"end":{"line":131,"column":5}},"line":86},"7":{"name":"(anonymous_7)","decl":{"start":{"line":88,"column":46},"end":{"line":88,"column":47}},"loc":{"start":{"line":88,"column":65},"end":{"line":92,"column":13}},"line":88},"8":{"name":"(anonymous_8)","decl":{"start":{"line":93,"column":45},"end":{"line":93,"column":46}},"loc":{"start":{"line":93,"column":64},"end":{"line":99,"column":13}},"line":93},"9":{"name":"(anonymous_9)","decl":{"start":{"line":100,"column":42},"end":{"line":100,"column":43}},"loc":{"start":{"line":100,"column":61},"end":{"line":106,"column":13}},"line":100},"10":{"name":"(anonymous_10)","decl":{"start":{"line":108,"column":43},"end":{"line":108,"column":44}},"loc":{"start":{"line":108,"column":54},"end":{"line":114,"column":13}},"line":108},"11":{"name":"(anonymous_11)","decl":{"start":{"line":116,"column":43},"end":{"line":116,"column":44}},"loc":{"start":{"line":116,"column":62},"end":{"line":120,"column":13}},"line":116},"12":{"name":"(anonymous_12)","decl":{"start":{"line":122,"column":59},"end":{"line":122,"column":60}},"loc":{"start":{"line":122,"column":70},"end":{"line":125,"column":13}},"line":122},"13":{"name":"(anonymous_13)","decl":{"start":{"line":127,"column":60},"end":{"line":127,"column":61}},"loc":{"start":{"line":127,"column":94},"end":{"line":130,"column":13}},"line":127}},"branchMap":{},"s":{"0":0,"1":0,"2":0,"3":0,"4":0,"5":0,"6":0,"7":0,"8":0,"9":0,"10":0,"11":0,"12":0,"13":0,"14":0,"15":0,"16":0,"17":0,"18":0,"19":0,"20":0,"21":0,"22":0,"23":0,"24":0,"25":0,"26":0,"27":0,"28":0,"29":0,"30":0,"31":0,"32":0,"33":0,"34":0,"35":0,"36":0,"37":0,"38":0,"39":0,"40":0,"41":0},"f":{"0":0,"1":0,"2":0,"3":0,"4":0,"5":0,"6":0,"7":0,"8":0,"9":0,"10":0,"11":0,"12":0,"13":0},"b":{}}
,"C:\\front\\Яндекс Практикум\\Dev\\stellar-burger\\react-stellar-burger\\src\\types\\api-types.ts": {"path":"C:\\front\\Яндекс Практикум\\Dev\\stellar-burger\\react-stellar-burger\\src\\types\\api-types.ts","statementMap":{},"fnMap":{},"branchMap":{},"s":{},"f":{},"b":{}}
,"C:\\front\\Яндекс Практикум\\Dev\\stellar-burger\\react-stellar-burger\\src\\types\\slice-types.ts": {"path":"C:\\front\\Яндекс Практикум\\Dev\\stellar-burger\\react-stellar-burger\\src\\types\\slice-types.ts","statementMap":{},"fnMap":{},"branchMap":{},"s":{},"f":{},"b":{}}
,"C:\\front\\Яндекс Практикум\\Dev\\stellar-burger\\react-stellar-burger\\src\\types\\webSocket-types.ts": {"path":"C:\\front\\Яндекс Практикум\\Dev\\stellar-burger\\react-stellar-burger\\src\\types\\webSocket-types.ts","statementMap":{},"fnMap":{},"branchMap":{},"s":{},"f":{},"b":{}}
,"C:\\front\\Яндекс Практикум\\Dev\\stellar-burger\\react-stellar-burger\\src\\utils\\api.ts": {"path":"C:\\front\\Яндекс Практикум\\Dev\\stellar-burger\\react-stellar-burger\\src\\utils\\api.ts","statementMap":{"0":{"start":{"line":8,"column":42},"end":{"line":8,"column":82}},"1":{"start":{"line":9,"column":46},"end":{"line":9,"column":90}},"2":{"start":{"line":11,"column":32},"end":{"line":11,"column":71}},"3":{"start":{"line":13,"column":30},"end":{"line":15,"column":1}},"4":{"start":{"line":14,"column":4},"end":{"line":14,"column":44}},"5":{"start":{"line":18,"column":4},"end":{"line":22,"column":7}},"6":{"start":{"line":30,"column":4},"end":{"line":37,"column":7}},"7":{"start":{"line":41,"column":4},"end":{"line":48,"column":7}},"8":{"start":{"line":52,"column":4},"end":{"line":56,"column":7}},"9":{"start":{"line":60,"column":4},"end":{"line":65,"column":7}},"10":{"start":{"line":69,"column":4},"end":{"line":76,"column":7}},"11":{"start":{"line":80,"column":4},"end":{"line":84,"column":7}}},"fnMap":{"0":{"name":"(anonymous_0)","decl":{"start":{"line":13,"column":30},"end":{"line":13,"column":31}},"loc":{"start":{"line":13,"column":55},"end":{"line":15,"column":1}},"line":13},"1":{"name":"createOrderRequest","decl":{"start":{"line":17,"column":9},"end":{"line":17,"column":27}},"loc":{"start":{"line":17,"column":71},"end":{"line":23,"column":1}},"line":17},"2":{"name":"registerRequest","decl":{"start":{"line":25,"column":9},"end":{"line":25,"column":24}},"loc":{"start":{"line":29,"column":64},"end":{"line":38,"column":1}},"line":29},"3":{"name":"loginRequest","decl":{"start":{"line":40,"column":9},"end":{"line":40,"column":21}},"loc":{"start":{"line":40,"column":76},"end":{"line":49,"column":1}},"line":40},"4":{"name":"logoutUserRequest","decl":{"start":{"line":51,"column":9},"end":{"line":51,"column":26}},"loc":{"start":{"line":51,"column":48},"end":{"line":57,"column":1}},"line":51},"5":{"name":"getUserRequest","decl":{"start":{"line":59,"column":9},"end":{"line":59,"column":23}},"loc":{"start":{"line":59,"column":45},"end":{"line":66,"column":1}},"line":59},"6":{"name":"updateUserRequest","decl":{"start":{"line":68,"column":9},"end":{"line":68,"column":26}},"loc":{"start":{"line":68,"column":72},"end":{"line":77,"column":1}},"line":68},"7":{"name":"refreshTokenUserRequest","decl":{"start":{"line":79,"column":9},"end":{"line":79,"column":32}},"loc":{"start":{"line":79,"column":35},"end":{"line":85,"column":1}},"line":79}},"branchMap":{},"s":{"0":1,"1":1,"2":1,"3":1,"4":1,"5":1,"6":0,"7":0,"8":0,"9":0,"10":0,"11":0},"f":{"0":1,"1":1,"2":0,"3":0,"4":0,"5":0,"6":0,"7":0},"b":{},"_coverageSchema":"1a1c01bbd47fc00a2c39e90264f33305004495a9","hash":"f0dd59f98e9ba6b80979a377bf7c4c7bbfe41864"}
,"C:\\front\\Яндекс Практикум\\Dev\\stellar-burger\\react-stellar-burger\\src\\utils\\cookie.ts": {"path":"C:\\front\\Яндекс Практикум\\Dev\\stellar-burger\\react-stellar-burger\\src\\utils\\cookie.ts","statementMap":{"0":{"start":{"line":2,"column":20},"end":{"line":8,"column":5}},"1":{"start":{"line":9,"column":4},"end":{"line":9,"column":64}},"2":{"start":{"line":17,"column":4},"end":{"line":20,"column":6}},"3":{"start":{"line":22,"column":14},"end":{"line":22,"column":27}},"4":{"start":{"line":23,"column":4},"end":{"line":26,"column":5}},"5":{"start":{"line":24,"column":8},"end":{"line":24,"column":58}},"6":{"start":{"line":25,"column":8},"end":{"line":25,"column":28}},"7":{"start":{"line":27,"column":4},"end":{"line":29,"column":5}},"8":{"start":{"line":28,"column":8},"end":{"line":28,"column":42}},"9":{"start":{"line":31,"column":4},"end":{"line":31,"column":38}},"10":{"start":{"line":33,"column":24},"end":{"line":33,"column":42}},"11":{"start":{"line":34,"column":4},"end":{"line":40,"column":5}},"12":{"start":{"line":35,"column":8},"end":{"line":35,"column":41}},"13":{"start":{"line":36,"column":26},"end":{"line":36,"column":41}},"14":{"start":{"line":37,"column":8},"end":{"line":39,"column":9}},"15":{"start":{"line":38,"column":12},"end":{"line":38,"column":45}},"16":{"start":{"line":41,"column":4},"end":{"line":41,"column":36}},"17":{"start":{"line":45,"column":4},"end":{"line":47,"column":7}}},"fnMap":{"0":{"name":"getCookie","decl":{"start":{"line":1,"column":16},"end":{"line":1,"column":25}},"loc":{"start":{"line":1,"column":60},"end":{"line":10,"column":1}},"line":1},"1":{"name":"setCookie","decl":{"start":{"line":12,"column":16},"end":{"line":12,"column":25}},"loc":{"start":{"line":16,"column":8},"end":{"line":42,"column":1}},"line":16},"2":{"name":"deleteCookie","decl":{"start":{"line":44,"column":16},"end":{"line":44,"column":28}},"loc":{"start":{"line":44,"column":43},"end":{"line":48,"column":1}},"line":44}},"branchMap":{"0":{"loc":{"start":{"line":9,"column":11},"end":{"line":9,"column":63}},"type":"cond-expr","locations":[{"start":{"line":9,"column":21},"end":{"line":9,"column":51}},{"start":{"line":9,"column":54},"end":{"line":9,"column":63}}],"line":9},"1":{"loc":{"start":{"line":15,"column":4},"end":{"line":15,"column":67}},"type":"default-arg","locations":[{"start":{"line":15,"column":65},"end":{"line":15,"column":67}}],"line":15},"2":{"loc":{"start":{"line":23,"column":4},"end":{"line":26,"column":5}},"type":"if","locations":[{"start":{"line":23,"column":4},"end":{"line":26,"column":5}},{"start":{},"end":{}}],"line":23},"3":{"loc":{"start":{"line":23,"column":8},"end":{"line":23,"column":38}},"type":"binary-expr","locations":[{"start":{"line":23,"column":8},"end":{"line":23,"column":31}},{"start":{"line":23,"column":35},"end":{"line":23,"column":38}}],"line":23},"4":{"loc":{"start":{"line":27,"column":4},"end":{"line":29,"column":5}},"type":"if","locations":[{"start":{"line":27,"column":4},"end":{"line":29,"column":5}},{"start":{},"end":{}}],"line":27},"5":{"loc":{"start":{"line":37,"column":8},"end":{"line":39,"column":9}},"type":"if","locations":[{"start":{"line":37,"column":8},"end":{"line":39,"column":9}},{"start":{},"end":{}}],"line":37}},"s":{"0":0,"1":0,"2":0,"3":0,"4":0,"5":0,"6":0,"7":0,"8":0,"9":0,"10":0,"11":0,"12":0,"13":0,"14":0,"15":0,"16":0,"17":0},"f":{"0":0,"1":0,"2":0},"b":{"0":[0,0],"1":[0],"2":[0,0],"3":[0,0],"4":[0,0],"5":[0,0]},"_coverageSchema":"1a1c01bbd47fc00a2c39e90264f33305004495a9","hash":"9c9fa7c864839561c66ff59e1ad245deca90de0c"}
,"C:\\front\\Яндекс Практикум\\Dev\\stellar-burger\\react-stellar-burger\\src\\utils\\redux.ts": {"path":"C:\\front\\Яндекс Практикум\\Dev\\stellar-burger\\react-stellar-burger\\src\\utils\\redux.ts","statementMap":{"0":{"start":{"line":8,"column":18},"end":{"line":10,"column":1}},"1":{"start":{"line":9,"column":4},"end":{"line":9,"column":42}},"2":{"start":{"line":13,"column":4},"end":{"line":13,"column":44}},"3":{"start":{"line":17,"column":4},"end":{"line":17,"column":45}},"4":{"start":{"line":21,"column":31},"end":{"line":23,"column":1}},"5":{"start":{"line":21,"column":51},"end":{"line":23,"column":1}},"6":{"start":{"line":22,"column":4},"end":{"line":22,"column":58}},"7":{"start":{"line":27,"column":4},"end":{"line":29,"column":5}},"8":{"start":{"line":27,"column":24},"end":{"line":29,"column":5}},"9":{"start":{"line":28,"column":8},"end":{"line":28,"column":63}}},"fnMap":{"0":{"name":"(anonymous_0)","decl":{"start":{"line":8,"column":18},"end":{"line":8,"column":19}},"loc":{"start":{"line":8,"column":70},"end":{"line":10,"column":1}},"line":8},"1":{"name":"isPending","decl":{"start":{"line":12,"column":9},"end":{"line":12,"column":18}},"loc":{"start":{"line":12,"column":51},"end":{"line":14,"column":1}},"line":12},"2":{"name":"isRejected","decl":{"start":{"line":16,"column":9},"end":{"line":16,"column":19}},"loc":{"start":{"line":16,"column":53},"end":{"line":18,"column":1}},"line":16},"3":{"name":"(anonymous_3)","decl":{"start":{"line":21,"column":31},"end":{"line":21,"column":32}},"loc":{"start":{"line":21,"column":51},"end":{"line":23,"column":1}},"line":21},"4":{"name":"(anonymous_4)","decl":{"start":{"line":21,"column":51},"end":{"line":21,"column":52}},"loc":{"start":{"line":21,"column":78},"end":{"line":23,"column":1}},"line":21},"5":{"name":"(anonymous_5)","decl":{"start":{"line":27,"column":4},"end":{"line":27,"column":5}},"loc":{"start":{"line":27,"column":24},"end":{"line":29,"column":5}},"line":27},"6":{"name":"(anonymous_6)","decl":{"start":{"line":27,"column":24},"end":{"line":27,"column":25}},"loc":{"start":{"line":27,"column":52},"end":{"line":29,"column":5}},"line":27}},"branchMap":{"0":{"loc":{"start":{"line":22,"column":11},"end":{"line":22,"column":57}},"type":"binary-expr","locations":[{"start":{"line":22,"column":11},"end":{"line":22,"column":36}},{"start":{"line":22,"column":40},"end":{"line":22,"column":57}}],"line":22},"1":{"loc":{"start":{"line":28,"column":15},"end":{"line":28,"column":62}},"type":"binary-expr","locations":[{"start":{"line":28,"column":15},"end":{"line":28,"column":40}},{"start":{"line":28,"column":44},"end":{"line":28,"column":62}}],"line":28}},"s":{"0":0,"1":0,"2":0,"3":0,"4":0,"5":0,"6":0,"7":0,"8":0,"9":0},"f":{"0":0,"1":0,"2":0,"3":0,"4":0,"5":0,"6":0},"b":{"0":[0,0],"1":[0,0]}}
,"C:\\front\\Яндекс Практикум\\Dev\\stellar-burger\\react-stellar-burger\\src\\utils\\utils.ts": {"path":"C:\\front\\Яндекс Практикум\\Dev\\stellar-burger\\react-stellar-burger\\src\\utils\\utils.ts","statementMap":{"0":{"start":{"line":8,"column":41},"end":{"line":12,"column":1}},"1":{"start":{"line":20,"column":4},"end":{"line":22,"column":5}},"2":{"start":{"line":21,"column":8},"end":{"line":21,"column":40}},"3":{"start":{"line":23,"column":4},"end":{"line":23,"column":69}}},"fnMap":{"0":{"name":"checkResponse","decl":{"start":{"line":19,"column":9},"end":{"line":19,"column":22}},"loc":{"start":{"line":19,"column":69},"end":{"line":24,"column":1}},"line":19}},"branchMap":{"0":{"loc":{"start":{"line":20,"column":4},"end":{"line":22,"column":5}},"type":"if","locations":[{"start":{"line":20,"column":4},"end":{"line":22,"column":5}},{"start":{},"end":{}}],"line":20}},"s":{"0":1,"1":2,"2":1,"3":1},"f":{"0":2},"b":{"0":[1,1]},"_coverageSchema":"1a1c01bbd47fc00a2c39e90264f33305004495a9","hash":"6a0c4433dac99a3834eb4fe915383ba8993e9015"}
}
